19:11:27 [main] INFO: ============================================================
19:11:27 [main] INFO: NOWCASTING PUBLIC — START
19:11:27 [main] INFO: ============================================================
19:11:27 [main] INFO: ── Фаза 1a: Румъния composite ──
19:11:27 [ingest.romania] INFO: === Ingest Румъния ===
19:11:27 [ingest.romania] INFO: Сваляне от https://opendata.meteoromania.ro/radar/COMPOSITE/
19:11:28 [ingest.romania] INFO:   Сваляне: COMPOSITE_2026070416000000dBZ.hdf
19:11:28 [ingest.romania] INFO:   Запазен: C:\nowcasting_public\data\radar\romania\COMPOSITE_2026070416000000dBZ.hdf
19:11:28 [ingest.romania] INFO: Чета: COMPOSITE_2026070415300000dBZ.hdf
19:11:28 [ingest.romania] INFO:   2026-07-04 15:30:00+00:00  800×850  (40.0-50.0°N, 17.5-33.4°E)  max dBZ=61.4
19:11:28 [ingest.romania] INFO: Чета: COMPOSITE_2026070416000000dBZ.hdf
19:11:28 [ingest.romania] INFO:   2026-07-04 16:00:00+00:00  800×850  (40.0-50.0°N, 17.5-33.4°E)  max dBZ=55.8
19:11:28 [ingest.romania] INFO:   2 frames прочетени
19:11:28 [main] INFO: ── Фаза 1b: ИАБГ радари ──
19:11:28 [ingest.iabg] INFO: === Ingest GCD (Голям Чардак) ===
19:11:28 [ingest.iabg] INFO: [GCD] 15 файла от JSON
19:11:29 [ingest.iabg] INFO:   dBZ: 2946 px, min=5 max=45
19:11:29 [ingest.iabg] INFO:   dBZ: 3065 px, min=5 max=50
19:11:29 [ingest.iabg] INFO:   dBZ: 3066 px, min=5 max=50
19:11:30 [ingest.iabg] INFO:   dBZ: 11870 px, min=15 max=50
19:11:30 [ingest.iabg] INFO:   dBZ: 2942 px, min=5 max=50
19:11:30 [ingest.iabg] INFO: [GCD] 5 frames готови
19:11:30 [ingest.iabg] INFO: === Ingest STS (Старо Село) ===
19:11:30 [ingest.iabg] INFO: [STS] 15 файла от JSON
19:11:30 [ingest.iabg] INFO:   dBZ: 2998 px, min=5 max=45
19:11:31 [ingest.iabg] INFO:   dBZ: 3124 px, min=5 max=50
19:11:31 [ingest.iabg] INFO:   dBZ: 10587 px, min=15 max=50
19:11:31 [ingest.iabg] INFO:   dBZ: 3265 px, min=5 max=50
19:11:31 [ingest.iabg] INFO:   dBZ: 3241 px, min=5 max=50
19:11:31 [ingest.iabg] INFO: [STS] 5 frames готови
19:11:31 [ingest.iabg] INFO: === Ingest BRD (Бърдарски геран) ===
19:11:32 [ingest.iabg] INFO: [BRD] 15 файла от JSON
19:11:32 [ingest.iabg] INFO:   dBZ: 8866 px, min=5 max=50
19:11:32 [ingest.iabg] INFO:   dBZ: 8833 px, min=5 max=50
19:11:32 [ingest.iabg] INFO:   dBZ: 26462 px, min=15 max=50
19:11:33 [ingest.iabg] INFO:   dBZ: 8805 px, min=5 max=50
19:11:33 [ingest.iabg] INFO:   dBZ: 8932 px, min=5 max=50
19:11:33 [ingest.iabg] INFO: [BRD] 5 frames готови
19:11:33 [main] INFO:   Общо: 17 frames от 4 източника
19:11:33 [main] INFO: ── Фаза 3: Composite ──
19:11:34 [composite] INFO:   iabg_GCD: 2026-07-04 18:47:55+00:00 Δ=307s
19:11:34 [composite] INFO:   iabg_STS: 2026-07-04 18:52:43+00:00 Δ=19s
19:11:34 [composite] INFO:   iabg_BRD: 2026-07-04 18:53:02+00:00 Δ=0s
19:11:34 [composite] INFO: Composite: 3 слоя, 7381 valid px
19:11:34 [composite] INFO:   iabg_GCD: 2026-07-04 18:51:59+00:00 Δ=63s
19:11:34 [composite] INFO:   iabg_STS: 2026-07-04 18:52:43+00:00 Δ=19s
19:11:34 [composite] INFO:   iabg_BRD: 2026-07-04 18:53:02+00:00 Δ=0s
19:11:34 [composite] INFO: Composite: 3 слоя, 7428 valid px
19:11:34 [composite] INFO:   iabg_GCD: 2026-07-04 18:56:03+00:00 Δ=46s
19:11:34 [composite] INFO:   iabg_STS: 2026-07-04 18:56:28+00:00 Δ=21s
19:11:34 [composite] INFO:   iabg_BRD: 2026-07-04 18:56:49+00:00 Δ=0s
19:11:34 [composite] INFO: Composite: 3 слоя, 7491 valid px
19:11:34 [composite] INFO:   iabg_GCD: 2026-07-04 19:00:08+00:00 Δ=27s
19:11:34 [composite] INFO:   iabg_STS: 2026-07-04 19:00:14+00:00 Δ=21s
19:11:34 [composite] INFO:   iabg_BRD: 2026-07-04 19:00:35+00:00 Δ=0s
19:11:34 [composite] INFO: Composite: 3 слоя, 7409 valid px
19:11:34 [composite] INFO:   iabg_GCD: 2026-07-04 19:00:08+00:00 Δ=253s
19:11:34 [composite] INFO:   iabg_STS: 2026-07-04 19:04:00+00:00 Δ=21s
19:11:34 [composite] INFO:   iabg_BRD: 2026-07-04 19:04:21+00:00 Δ=0s
19:11:34 [composite] INFO: Composite: 3 слоя, 7551 valid px
19:11:34 [composite] INFO: Серия: 5 composites
19:11:34 [main] INFO: ── Фаза 4: S-PROG Nowcast ──
19:11:34 [nowcast] INFO: S-PROG: 12×5min = 60min
19:11:34 [nowcast] WARNING: pySTEPS липсва — OpenCV fallback
19:11:35 [nowcast] WARNING: S-PROG: No module named 'rpds.rpds' — semilagrangian fallback
19:11:35 [nowcast] INFO: Forecast: max=50.0 dBZ
19:11:35 [main] INFO: ── Фаза 6: Карти ──
19:11:43 [output] INFO: Nowcast карта: C:\nowcasting_public\data\output\maps\nowcast_20260704_1611.png
19:11:47 [output] INFO: Nowcast карта: C:\nowcasting_public\data\output\maps\nowcast_latest.png
19:11:47 [output] INFO: Pages meta: C:\nowcasting_public\data\output\maps\meta.json
19:11:47 [main] INFO: ============================================================
19:11:47 [main] INFO: ГОТОВО за 19.6 сек
19:11:47 [main] INFO: ============================================================
19:27:10 [main] INFO: ============================================================
19:27:10 [main] INFO: NOWCASTING PUBLIC — START
19:27:10 [main] INFO: ============================================================
19:27:10 [main] INFO: ── Фаза 1a: Румъния composite ──
19:27:10 [ingest.romania] INFO: === Ingest Румъния ===
19:27:11 [ingest.romania] INFO: Сваляне от https://opendata.meteoromania.ro/radar/COMPOSITE/
19:27:11 [ingest.romania] INFO:   Сваляне: COMPOSITE_2026070416200000dBZ.hdf
19:27:11 [ingest.romania] INFO:   Запазен: C:\nowcasting_public\data\radar\romania\COMPOSITE_2026070416200000dBZ.hdf
19:27:12 [ingest.romania] INFO: Чета: COMPOSITE_2026070415300000dBZ.hdf
19:27:12 [ingest.romania] INFO:   2026-07-04 15:30:00+00:00  800×850  (40.0-50.0°N, 17.5-33.4°E)  max dBZ=61.4
19:27:12 [ingest.romania] INFO: Чета: COMPOSITE_2026070416000000dBZ.hdf
19:27:12 [ingest.romania] INFO:   2026-07-04 16:00:00+00:00  800×850  (40.0-50.0°N, 17.5-33.4°E)  max dBZ=55.8
19:27:12 [ingest.romania] INFO: Чета: COMPOSITE_2026070416200000dBZ.hdf
19:27:12 [ingest.romania] INFO:   2026-07-04 16:20:00+00:00  800×850  (40.0-50.0°N, 17.5-33.4°E)  max dBZ=55.8
19:27:12 [ingest.romania] INFO:   3 frames прочетени
19:27:12 [main] INFO: ── Фаза 1b: ИАБГ радари ──
19:27:12 [ingest.iabg] INFO: === Ingest GCD (Голям Чардак) ===
19:27:12 [ingest.iabg] INFO: [GCD] 15 файла от JSON
19:27:12 [ingest.iabg] INFO:   dBZ: 2942 px, min=5 max=50
19:27:12 [ingest.iabg] INFO:   dBZ: 2804 px, min=5 max=50
19:27:13 [ingest.iabg] INFO:   dBZ: 2667 px, min=5 max=45
19:27:13 [ingest.iabg] INFO:   dBZ: 2841 px, min=5 max=45
19:27:13 [ingest.iabg] INFO:   dBZ: 2788 px, min=5 max=45
19:27:13 [ingest.iabg] INFO: [GCD] 5 frames готови
19:27:13 [ingest.iabg] INFO: === Ingest STS (Старо Село) ===
19:27:13 [ingest.iabg] INFO: [STS] 15 файла от JSON
19:27:14 [ingest.iabg] INFO:   dBZ: 3241 px, min=5 max=50
19:27:14 [ingest.iabg] INFO:   dBZ: 3154 px, min=5 max=50
19:27:14 [ingest.iabg] INFO:   dBZ: 2962 px, min=5 max=50
19:27:14 [ingest.iabg] INFO:   dBZ: 2799 px, min=5 max=45
19:27:15 [ingest.iabg] INFO:   dBZ: 2603 px, min=5 max=45
19:27:15 [ingest.iabg] INFO: [STS] 5 frames готови
19:27:15 [ingest.iabg] INFO: === Ingest BRD (Бърдарски геран) ===
19:27:15 [ingest.iabg] INFO: [BRD] 15 файла от JSON
19:27:15 [ingest.iabg] INFO:   dBZ: 8932 px, min=5 max=50
19:27:15 [ingest.iabg] INFO:   dBZ: 8935 px, min=5 max=50
19:27:16 [ingest.iabg] INFO:   dBZ: 8887 px, min=5 max=50
19:27:16 [ingest.iabg] INFO:   dBZ: 8786 px, min=5 max=50
19:27:16 [ingest.iabg] INFO:   dBZ: 8759 px, min=5 max=50
19:27:16 [ingest.iabg] INFO: [BRD] 5 frames готови
19:27:16 [main] INFO:   Общо: 18 frames от 4 източника
19:27:16 [main] INFO: ── Фаза 3: Composite ──
19:27:17 [composite] INFO:   romania_composite: 2026-07-04 16:20:00+00:00 Δ=0s
19:27:17 [composite] INFO: Composite: 1 слоя, 35110 valid px
19:27:17 [composite] INFO:   iabg_GCD: 2026-07-04 19:00:08+00:00 Δ=253s
19:27:17 [composite] INFO:   iabg_STS: 2026-07-04 19:04:00+00:00 Δ=21s
19:27:17 [composite] INFO:   iabg_BRD: 2026-07-04 19:04:21+00:00 Δ=0s
19:27:17 [composite] INFO: Composite: 3 слоя, 7551 valid px
19:27:17 [composite] INFO:   iabg_GCD: 2026-07-04 19:04:13+00:00 Δ=8s
19:27:17 [composite] INFO:   iabg_STS: 2026-07-04 19:04:00+00:00 Δ=21s
19:27:17 [composite] INFO:   iabg_BRD: 2026-07-04 19:04:21+00:00 Δ=0s
19:27:17 [composite] INFO: Composite: 3 слоя, 7473 valid px
19:27:17 [composite] INFO:   iabg_GCD: 2026-07-04 19:04:13+00:00 Δ=235s
19:27:17 [composite] INFO:   iabg_STS: 2026-07-04 19:07:45+00:00 Δ=23s
19:27:17 [composite] INFO:   iabg_BRD: 2026-07-04 19:08:08+00:00 Δ=0s
19:27:17 [composite] INFO: Composite: 3 слоя, 7486 valid px
19:27:17 [composite] INFO:   iabg_GCD: 2026-07-04 19:20:34+00:00 Δ=0s
19:27:17 [composite] INFO:   iabg_STS: 2026-07-04 19:19:00+00:00 Δ=94s
19:27:17 [composite] INFO:   iabg_BRD: 2026-07-04 19:19:28+00:00 Δ=66s
19:27:17 [composite] INFO: Composite: 3 слоя, 6914 valid px
19:27:17 [composite] INFO: Серия: 5 composites
19:27:17 [main] INFO: ── Фаза 4: S-PROG Nowcast ──
19:27:17 [nowcast] INFO: S-PROG: 12×5min = 60min
19:27:22 [nowcast] INFO: Optical flow: 2.6 px/step
19:27:22 [nowcast] WARNING: S-PROG: forecast() got an unexpected keyword argument 'R_thr' — semilagrangian fallback
19:27:23 [nowcast] INFO: Forecast: max=50.0 dBZ
19:27:23 [main] INFO: ── Фаза 6: Карти ──
19:27:29 [output] INFO: Nowcast карта: C:\nowcasting_public\data\output\maps\nowcast_20260704_1627.png
19:27:32 [output] INFO: Nowcast карта: C:\nowcasting_public\data\output\maps\nowcast_latest.png
19:27:32 [output] INFO: Pages meta: C:\nowcasting_public\data\output\maps\meta.json
19:27:32 [main] INFO: ============================================================
19:27:32 [main] INFO: ГОТОВО за 21.2 сек
19:27:32 [main] INFO: ============================================================
19:47:51 [main] INFO: ============================================================
19:47:51 [main] INFO: NOWCASTING PUBLIC — START
19:47:51 [main] INFO: ============================================================
19:47:51 [main] INFO: ── Фаза 1a: Румъния composite ──
19:47:51 [ingest.romania] INFO: === Ingest Румъния ===
19:47:51 [ingest.romania] INFO: Сваляне от https://opendata.meteoromania.ro/radar/COMPOSITE/
19:47:52 [ingest.romania] INFO:   Сваляне: COMPOSITE_2026070416400000dBZ.hdf
19:47:52 [ingest.romania] INFO:   Запазен: C:\nowcasting_public\data\radar\romania\COMPOSITE_2026070416400000dBZ.hdf
19:47:52 [ingest.romania] INFO: Чета: COMPOSITE_2026070415300000dBZ.hdf
19:47:52 [ingest.romania] INFO:   2026-07-04 15:30:00+00:00  800×850  (40.0-50.0°N, 17.5-33.4°E)  max dBZ=61.4
19:47:52 [ingest.romania] INFO: Чета: COMPOSITE_2026070416000000dBZ.hdf
19:47:52 [ingest.romania] INFO:   2026-07-04 16:00:00+00:00  800×850  (40.0-50.0°N, 17.5-33.4°E)  max dBZ=55.8
19:47:52 [ingest.romania] INFO: Чета: COMPOSITE_2026070416200000dBZ.hdf
19:47:52 [ingest.romania] INFO:   2026-07-04 16:20:00+00:00  800×850  (40.0-50.0°N, 17.5-33.4°E)  max dBZ=55.8
19:47:52 [ingest.romania] INFO: Чета: COMPOSITE_2026070416400000dBZ.hdf
19:47:52 [ingest.romania] INFO:   2026-07-04 16:40:00+00:00  800×850  (40.0-50.0°N, 17.5-33.4°E)  max dBZ=56.3
19:47:52 [ingest.romania] INFO:   4 frames прочетени
19:47:52 [main] INFO: ── Фаза 1b: ИАБГ радари ──
19:47:52 [ingest.iabg] INFO: === Ingest GCD (Голям Чардак) ===
19:47:52 [ingest.iabg] INFO: [GCD] 15 файла от JSON
19:47:53 [ingest.iabg] INFO:   dBZ: 2788 px, min=5 max=45
19:47:53 [ingest.iabg] INFO:   dBZ: 2916 px, min=5 max=45
19:47:53 [ingest.iabg] INFO:   dBZ: 3140 px, min=5 max=45
19:47:54 [ingest.iabg] INFO:   dBZ: 3178 px, min=5 max=45
19:47:54 [ingest.iabg] INFO:   dBZ: 3327 px, min=5 max=45
19:47:54 [ingest.iabg] INFO: [GCD] 5 frames готови
19:47:54 [ingest.iabg] INFO: === Ingest STS (Старо Село) ===
19:47:54 [ingest.iabg] INFO: [STS] 15 файла от JSON
19:47:54 [ingest.iabg] INFO:   dBZ: 2335 px, min=5 max=45
19:47:54 [ingest.iabg] INFO:   dBZ: 2285 px, min=5 max=40
19:47:55 [ingest.iabg] INFO:   dBZ: 2270 px, min=5 max=45
19:47:55 [ingest.iabg] INFO:   dBZ: 2335 px, min=5 max=45
19:47:55 [ingest.iabg] INFO:   dBZ: 2315 px, min=5 max=45
19:47:55 [ingest.iabg] INFO: [STS] 5 frames готови
19:47:55 [ingest.iabg] INFO: === Ingest BRD (Бърдарски геран) ===
19:47:55 [ingest.iabg] INFO: [BRD] 15 файла от JSON
19:47:56 [ingest.iabg] INFO:   dBZ: 8876 px, min=5 max=50
19:47:56 [ingest.iabg] INFO:   dBZ: 9088 px, min=5 max=50
19:47:56 [ingest.iabg] INFO:   dBZ: 9057 px, min=5 max=50
19:47:57 [ingest.iabg] INFO:   dBZ: 9203 px, min=5 max=50
19:47:57 [ingest.iabg] INFO:   dBZ: 9269 px, min=5 max=50
19:47:57 [ingest.iabg] INFO: [BRD] 5 frames готови
19:47:57 [main] INFO:   Общо: 19 frames от 4 източника
19:47:57 [main] INFO: ── Фаза 3: Composite ──
19:47:58 [composite] INFO:   romania_composite: 2026-07-04 15:30:00+00:00 Δ=0s
19:47:58 [composite] INFO: Composite: 1 слоя, 37359 valid px
19:47:58 [composite] INFO:   romania_composite: 2026-07-04 16:00:00+00:00 Δ=0s
19:47:58 [composite] INFO: Composite: 1 слоя, 35980 valid px
19:47:58 [composite] INFO:   romania_composite: 2026-07-04 16:20:00+00:00 Δ=0s
19:47:58 [composite] INFO: Composite: 1 слоя, 35110 valid px
19:47:58 [composite] INFO:   romania_composite: 2026-07-04 16:40:00+00:00 Δ=0s
19:47:58 [composite] INFO: Composite: 1 слоя, 33578 valid px
19:47:58 [composite] INFO:   iabg_GCD: 2026-07-04 19:36:58+00:00 Δ=79s
19:47:58 [composite] INFO:   iabg_STS: 2026-07-04 19:37:43+00:00 Δ=34s
19:47:58 [composite] INFO:   iabg_BRD: 2026-07-04 19:38:17+00:00 Δ=0s
19:47:58 [composite] INFO: Composite: 3 слоя, 7005 valid px
19:47:58 [composite] INFO: Серия: 5 composites
19:47:58 [main] INFO: ── Фаза 4: S-PROG Nowcast ──
19:47:58 [nowcast] INFO: S-PROG: 12×5min = 60min
19:48:02 [nowcast] INFO: Optical flow: 3.7 px/step
19:48:02 [nowcast] WARNING: S-PROG: precip_thr required but not specified — semilagrangian fallback
19:48:03 [nowcast] INFO: Forecast: max=50.0 dBZ
19:48:03 [main] INFO: ── Фаза 6: Карти ──
19:48:08 [output] INFO: Nowcast карта: C:\nowcasting_public\data\output\maps\nowcast_20260704_1648.png
19:48:10 [output] INFO: Nowcast карта: C:\nowcasting_public\data\output\maps\nowcast_latest.png
19:48:10 [output] INFO: Pages meta: C:\nowcasting_public\data\output\maps\meta.json
19:48:10 [main] INFO: ============================================================
19:48:10 [main] INFO: ГОТОВО за 19.3 сек
19:48:10 [main] INFO: ============================================================
19:55:23 [main] INFO: ============================================================
19:55:23 [main] INFO: NOWCASTING PUBLIC — START
19:55:23 [main] INFO: ============================================================
19:55:23 [main] INFO: ── Фаза 1a: Румъния composite ──
19:55:23 [ingest.romania] INFO: === Ingest Румъния ===
19:55:23 [ingest.romania] INFO: Сваляне от https://opendata.meteoromania.ro/radar/COMPOSITE/
19:55:23 [ingest.romania] INFO:   Сваляне: COMPOSITE_2026070416500000dBZ.hdf
19:55:24 [ingest.romania] INFO:   Запазен: C:\nowcasting_public\data\radar\romania\COMPOSITE_2026070416500000dBZ.hdf
19:55:24 [ingest.romania] INFO: Чета: COMPOSITE_2026070415300000dBZ.hdf
19:55:24 [ingest.romania] INFO:   2026-07-04 15:30:00+00:00  800×850  (40.0-50.0°N, 17.5-33.4°E)  max dBZ=61.4
19:55:24 [ingest.romania] INFO: Чета: COMPOSITE_2026070416000000dBZ.hdf
19:55:24 [ingest.romania] INFO:   2026-07-04 16:00:00+00:00  800×850  (40.0-50.0°N, 17.5-33.4°E)  max dBZ=55.8
19:55:24 [ingest.romania] INFO: Чета: COMPOSITE_2026070416200000dBZ.hdf
19:55:24 [ingest.romania] INFO:   2026-07-04 16:20:00+00:00  800×850  (40.0-50.0°N, 17.5-33.4°E)  max dBZ=55.8
19:55:24 [ingest.romania] INFO: Чета: COMPOSITE_2026070416400000dBZ.hdf
19:55:24 [ingest.romania] INFO:   2026-07-04 16:40:00+00:00  800×850  (40.0-50.0°N, 17.5-33.4°E)  max dBZ=56.3
19:55:24 [ingest.romania] INFO: Чета: COMPOSITE_2026070416500000dBZ.hdf
19:55:24 [ingest.romania] INFO:   2026-07-04 16:50:00+00:00  800×850  (40.0-50.0°N, 17.5-33.4°E)  max dBZ=53.3
19:55:24 [ingest.romania] INFO:   5 frames прочетени
19:55:24 [main] INFO: ── Фаза 1b: ИАБГ радари ──
19:55:24 [ingest.iabg] INFO: === Ingest GCD (Голям Чардак) ===
19:55:24 [ingest.iabg] INFO: [GCD] 15 файла от JSON
19:55:25 [ingest.iabg] INFO:   dBZ: 3178 px, min=5 max=45
19:55:25 [ingest.iabg] INFO:   dBZ: 3327 px, min=5 max=45
19:55:25 [ingest.iabg] INFO:   dBZ: 3445 px, min=5 max=45
19:55:25 [ingest.iabg] INFO:   dBZ: 3351 px, min=5 max=45
19:55:26 [ingest.iabg] INFO:   dBZ: 3491 px, min=5 max=50
19:55:26 [ingest.iabg] INFO: [GCD] 5 frames готови
19:55:26 [ingest.iabg] INFO: === Ingest STS (Старо Село) ===
19:55:26 [ingest.iabg] INFO: [STS] 15 файла от JSON
19:55:26 [ingest.iabg] INFO:   dBZ: 2335 px, min=5 max=45
19:55:26 [ingest.iabg] INFO:   dBZ: 2315 px, min=5 max=45
19:55:27 [ingest.iabg] INFO:   dBZ: 2302 px, min=5 max=45
19:55:27 [ingest.iabg] INFO:   dBZ: 2362 px, min=5 max=50
19:55:27 [ingest.iabg] INFO:   dBZ: 2468 px, min=5 max=50
19:55:27 [ingest.iabg] INFO: [STS] 5 frames готови
19:55:27 [ingest.iabg] INFO: === Ingest BRD (Бърдарски геран) ===
19:55:27 [ingest.iabg] INFO: [BRD] 15 файла от JSON
19:55:27 [ingest.iabg] INFO:   dBZ: 9057 px, min=5 max=50
19:55:28 [ingest.iabg] INFO:   dBZ: 9203 px, min=5 max=50
19:55:28 [ingest.iabg] INFO:   dBZ: 9269 px, min=5 max=50
19:55:28 [ingest.iabg] INFO:   dBZ: 9323 px, min=5 max=50
19:55:28 [ingest.iabg] INFO:   dBZ: 9169 px, min=5 max=50
19:55:28 [ingest.iabg] INFO: [BRD] 5 frames готови
19:55:28 [main] INFO:   Общо: 20 frames от 4 източника
19:55:28 [main] INFO: ── Фаза 3: Composite ──
19:55:29 [composite] INFO:   romania_composite: 2026-07-04 16:00:00+00:00 Δ=0s
19:55:29 [composite] INFO: Composite: 1 слоя, 35980 valid px
19:55:29 [composite] INFO:   romania_composite: 2026-07-04 16:20:00+00:00 Δ=0s
19:55:29 [composite] INFO: Composite: 1 слоя, 35110 valid px
19:55:29 [composite] INFO:   romania_composite: 2026-07-04 16:40:00+00:00 Δ=123s
19:55:29 [composite] INFO:   iabg_GCD: 2026-07-04 16:41:05+00:00 Δ=58s
19:55:29 [composite] INFO:   iabg_STS: 2026-07-04 16:41:29+00:00 Δ=34s
19:55:29 [composite] INFO:   iabg_BRD: 2026-07-04 16:42:03+00:00 Δ=0s
19:55:29 [composite] INFO: Composite: 4 слоя, 39081 valid px
19:55:29 [composite] INFO:   romania_composite: 2026-07-04 16:50:00+00:00 Δ=0s
19:55:29 [composite] INFO:   iabg_GCD: 2026-07-04 16:45:09+00:00 Δ=291s
19:55:29 [composite] INFO:   iabg_STS: 2026-07-04 16:45:14+00:00 Δ=286s
19:55:29 [composite] INFO:   iabg_BRD: 2026-07-04 16:45:49+00:00 Δ=251s
19:55:29 [composite] INFO: Composite: 4 слоя, 38206 valid px
19:55:29 [composite] INFO:   romania_composite: 2026-07-04 16:50:00+00:00 Δ=0s
19:55:29 [composite] INFO:   iabg_GCD: 2026-07-04 16:49:15+00:00 Δ=45s
19:55:29 [composite] INFO:   iabg_STS: 2026-07-04 16:48:57+00:00 Δ=63s
19:55:29 [composite] INFO:   iabg_BRD: 2026-07-04 16:45:49+00:00 Δ=251s
19:55:29 [composite] INFO: Composite: 4 слоя, 38227 valid px
19:55:29 [composite] INFO: Серия: 5 composites
19:55:29 [main] INFO: ── Фаза 4: S-PROG Nowcast ──
19:55:29 [nowcast] INFO: S-PROG: 12×5min = 60min
19:55:33 [nowcast] INFO: Optical flow: 1.3 px/step
19:55:37 [nowcast] INFO: Forecast: max=50.0 dBZ
19:55:37 [main] INFO: ── Фаза 6: Карти ──
19:55:42 [output] INFO: Nowcast карта: C:\nowcasting_public\data\output\maps\nowcast_20260704_1655.png
19:55:45 [output] INFO: Nowcast карта: C:\nowcasting_public\data\output\maps\nowcast_latest.png
19:55:45 [output] INFO: Pages meta: C:\nowcasting_public\data\output\maps\meta.json
19:55:45 [main] INFO: ============================================================
19:55:45 [main] INFO: ГОТОВО за 22.3 сек
19:55:45 [main] INFO: ============================================================
20:08:23 [main] INFO: ============================================================
20:08:23 [main] INFO: NOWCASTING PUBLIC — START
20:08:23 [main] INFO: ============================================================
20:08:23 [main] INFO: ── Фаза 1a: Румъния composite ──
20:08:23 [ingest.romania] INFO: === Ingest Румъния ===
20:08:23 [ingest.romania] INFO: Сваляне от https://opendata.meteoromania.ro/radar/COMPOSITE/
20:08:23 [ingest.romania] INFO:   Сваляне: COMPOSITE_2026070417000000dBZ.hdf
20:08:24 [ingest.romania] INFO:   Запазен: C:\nowcasting_public\data\radar\romania\COMPOSITE_2026070417000000dBZ.hdf
20:08:24 [ingest.romania] INFO: Чета: COMPOSITE_2026070416000000dBZ.hdf
20:08:24 [ingest.romania] INFO:   2026-07-04 16:00:00+00:00  800×850  (40.0-50.0°N, 17.5-33.4°E)  max dBZ=55.8
20:08:24 [ingest.romania] INFO: Чета: COMPOSITE_2026070416200000dBZ.hdf
20:08:24 [ingest.romania] INFO:   2026-07-04 16:20:00+00:00  800×850  (40.0-50.0°N, 17.5-33.4°E)  max dBZ=55.8
20:08:24 [ingest.romania] INFO: Чета: COMPOSITE_2026070416400000dBZ.hdf
20:08:24 [ingest.romania] INFO:   2026-07-04 16:40:00+00:00  800×850  (40.0-50.0°N, 17.5-33.4°E)  max dBZ=56.3
20:08:24 [ingest.romania] INFO: Чета: COMPOSITE_2026070416500000dBZ.hdf
20:08:24 [ingest.romania] INFO:   2026-07-04 16:50:00+00:00  800×850  (40.0-50.0°N, 17.5-33.4°E)  max dBZ=53.3
20:08:24 [ingest.romania] INFO: Чета: COMPOSITE_2026070417000000dBZ.hdf
20:08:24 [ingest.romania] INFO:   2026-07-04 17:00:00+00:00  800×850  (40.0-50.0°N, 17.5-33.4°E)  max dBZ=55.8
20:08:24 [ingest.romania] INFO:   5 frames прочетени
20:08:24 [main] INFO: ── Фаза 1b: ИАБГ радари ──
20:08:24 [ingest.iabg] INFO: === Ingest GCD (Голям Чардак) ===
20:08:24 [ingest.iabg] INFO: [GCD] 15 файла от JSON
20:08:24 [ingest.iabg] INFO:   dBZ: 3491 px, min=5 max=50
20:08:25 [ingest.iabg] INFO:   dBZ: 3483 px, min=5 max=45
20:08:25 [ingest.iabg] INFO:   dBZ: 3512 px, min=5 max=45
20:08:25 [ingest.iabg] INFO:   dBZ: 13973 px, min=15 max=45
20:08:25 [ingest.iabg] INFO:   dBZ: 3503 px, min=5 max=45
20:08:25 [ingest.iabg] INFO: [GCD] 5 frames готови
20:08:25 [ingest.iabg] INFO: === Ingest STS (Старо Село) ===
20:08:26 [ingest.iabg] INFO: [STS] 15 файла от JSON
20:08:26 [ingest.iabg] INFO:   dBZ: 2468 px, min=5 max=50
20:08:26 [ingest.iabg] INFO:   dBZ: 2539 px, min=5 max=50
20:08:26 [ingest.iabg] INFO:   dBZ: 2506 px, min=5 max=50
20:08:27 [ingest.iabg] INFO:   dBZ: 9861 px, min=15 max=50
20:08:27 [ingest.iabg] INFO:   dBZ: 2349 px, min=5 max=50
20:08:27 [ingest.iabg] INFO: [STS] 5 frames готови
20:08:27 [ingest.iabg] INFO: === Ingest BRD (Бърдарски геран) ===
20:08:27 [ingest.iabg] INFO: [BRD] 15 файла от JSON
20:08:27 [ingest.iabg] INFO:   dBZ: 9207 px, min=5 max=50
20:08:27 [ingest.iabg] INFO:   dBZ: 9210 px, min=5 max=50
20:08:28 [ingest.iabg] INFO:   dBZ: 9135 px, min=5 max=50
20:08:28 [ingest.iabg] INFO:   dBZ: 26230 px, min=15 max=50
20:08:28 [ingest.iabg] INFO:   dBZ: 9389 px, min=5 max=50
20:08:28 [ingest.iabg] INFO: [BRD] 5 frames готови
20:08:28 [main] INFO:   Общо: 20 frames от 4 източника
20:08:28 [main] INFO: ── Фаза 3: Composite ──
20:08:29 [composite] INFO:   romania_composite: 2026-07-04 16:00:00+00:00 Δ=0s
20:08:29 [composite] INFO: Composite: 1 слоя, 32899 valid px
20:08:29 [composite] INFO:   romania_composite: 2026-07-04 16:20:00+00:00 Δ=0s
20:08:29 [composite] INFO: Composite: 1 слоя, 32135 valid px
20:08:29 [composite] INFO:   romania_composite: 2026-07-04 16:40:00+00:00 Δ=575s
20:08:29 [composite] INFO:   iabg_GCD: 2026-07-04 16:49:15+00:00 Δ=20s
20:08:29 [composite] INFO:   iabg_STS: 2026-07-04 16:48:57+00:00 Δ=38s
20:08:29 [composite] INFO:   iabg_BRD: 2026-07-04 16:49:35+00:00 Δ=0s
20:08:29 [composite] INFO: Composite: 4 слоя, 31851 valid px
20:08:29 [composite] INFO:   romania_composite: 2026-07-04 16:50:00+00:00 Δ=202s
20:08:29 [composite] INFO:   iabg_GCD: 2026-07-04 16:53:22+00:00 Δ=0s
20:08:29 [composite] INFO:   iabg_STS: 2026-07-04 16:52:42+00:00 Δ=40s
20:08:29 [composite] INFO:   iabg_BRD: 2026-07-04 16:53:22+00:00 Δ=0s
20:08:29 [composite] INFO: Composite: 4 слоя, 30887 valid px
20:08:29 [composite] INFO:   romania_composite: 2026-07-04 17:00:00+00:00 Δ=92s
20:08:29 [composite] INFO:   iabg_GCD: 2026-07-04 17:01:32+00:00 Δ=0s
20:08:29 [composite] INFO:   iabg_STS: 2026-07-04 17:00:11+00:00 Δ=81s
20:08:29 [composite] INFO:   iabg_BRD: 2026-07-04 17:00:55+00:00 Δ=37s
20:08:29 [composite] INFO: Composite: 4 слоя, 29939 valid px
20:08:29 [composite] INFO: Серия: 5 composites
20:08:29 [main] INFO: ── Фаза 4: S-PROG Nowcast ──
20:08:29 [nowcast] INFO: S-PROG: 12×5min = 60min
20:08:33 [nowcast] INFO: Optical flow: 1.9 px/step
20:08:36 [nowcast] INFO: Forecast: max=50.0 dBZ
20:08:36 [main] INFO: ── Фаза 6: Карти ──
20:08:41 [output] INFO: Nowcast карта: C:\nowcasting_public\data\output\maps\nowcast_20260704_1708.png
20:08:44 [output] INFO: Nowcast карта: C:\nowcasting_public\data\output\maps\nowcast_latest.png
20:08:44 [output] INFO: Pages meta: C:\nowcasting_public\data\output\maps\meta.json
20:08:44 [main] INFO: ============================================================
20:08:44 [main] INFO: ГОТОВО за 20.9 сек
20:08:44 [main] INFO: ============================================================
20:17:04 [main] INFO: ============================================================
20:17:04 [main] INFO: NOWCASTING PUBLIC — START
20:17:04 [main] INFO: ============================================================
20:17:04 [main] INFO: ── Фаза 1a: Румъния composite ──
20:17:04 [ingest.romania] INFO: === Ingest Румъния ===
20:17:04 [ingest.romania] INFO: Сваляне от https://opendata.meteoromania.ro/radar/COMPOSITE/
20:17:05 [ingest.romania] INFO:   Сваляне: COMPOSITE_2026070417100000dBZ.hdf
20:17:05 [ingest.romania] INFO:   Запазен: C:\nowcasting_public\data\radar\romania\COMPOSITE_2026070417100000dBZ.hdf
20:17:05 [ingest.romania] INFO: Чета: COMPOSITE_2026070416200000dBZ.hdf
20:17:05 [ingest.romania] INFO:   2026-07-04 16:20:00+00:00  800×850  (40.0-50.0°N, 17.5-33.4°E)  max dBZ=55.8
20:17:05 [ingest.romania] INFO: Чета: COMPOSITE_2026070416400000dBZ.hdf
20:17:05 [ingest.romania] INFO:   2026-07-04 16:40:00+00:00  800×850  (40.0-50.0°N, 17.5-33.4°E)  max dBZ=56.3
20:17:05 [ingest.romania] INFO: Чета: COMPOSITE_2026070416500000dBZ.hdf
20:17:05 [ingest.romania] INFO:   2026-07-04 16:50:00+00:00  800×850  (40.0-50.0°N, 17.5-33.4°E)  max dBZ=53.3
20:17:05 [ingest.romania] INFO: Чета: COMPOSITE_2026070417000000dBZ.hdf
20:17:05 [ingest.romania] INFO:   2026-07-04 17:00:00+00:00  800×850  (40.0-50.0°N, 17.5-33.4°E)  max dBZ=55.8
20:17:05 [ingest.romania] INFO: Чета: COMPOSITE_2026070417100000dBZ.hdf
20:17:05 [ingest.romania] INFO:   2026-07-04 17:10:00+00:00  800×850  (40.0-50.0°N, 17.5-33.4°E)  max dBZ=56.3
20:17:05 [ingest.romania] INFO:   5 frames прочетени
20:17:05 [main] INFO: ── Фаза 1b: ИАБГ радари ──
20:17:05 [ingest.iabg] INFO: === Ingest GCD (Голям Чардак) ===
20:17:05 [ingest.iabg] INFO: [GCD] 15 файла от JSON
20:17:06 [ingest.iabg] INFO:   dBZ: 3512 px, min=5 max=45
20:17:06 [ingest.iabg] INFO:   dBZ: 13973 px, min=15 max=45
20:17:06 [ingest.iabg] INFO:   dBZ: 3503 px, min=5 max=45
20:17:07 [ingest.iabg] INFO:   dBZ: 3202 px, min=5 max=45
20:17:07 [ingest.iabg] INFO:   dBZ: 2969 px, min=5 max=50
20:17:07 [ingest.iabg] INFO: [GCD] 5 frames готови
20:17:07 [ingest.iabg] INFO: === Ingest STS (Старо Село) ===
20:17:07 [ingest.iabg] INFO: [STS] 15 файла от JSON
20:17:07 [ingest.iabg] INFO:   dBZ: 9861 px, min=15 max=50
20:17:07 [ingest.iabg] INFO:   dBZ: 2349 px, min=5 max=50
20:17:08 [ingest.iabg] INFO:   dBZ: 2411 px, min=5 max=50
20:17:08 [ingest.iabg] INFO:   dBZ: 2572 px, min=5 max=50
20:17:08 [ingest.iabg] INFO:   dBZ: 2720 px, min=5 max=50
20:17:08 [ingest.iabg] INFO: [STS] 5 frames готови
20:17:08 [ingest.iabg] INFO: === Ingest BRD (Бърдарски геран) ===
20:17:08 [ingest.iabg] INFO: [BRD] 15 файла от JSON
20:17:09 [ingest.iabg] INFO:   dBZ: 26230 px, min=15 max=50
20:17:09 [ingest.iabg] INFO:   dBZ: 9389 px, min=5 max=50
20:17:09 [ingest.iabg] INFO:   dBZ: 9182 px, min=5 max=50
20:17:10 [ingest.iabg] INFO:   dBZ: 9309 px, min=5 max=50
20:17:10 [ingest.iabg] INFO:   dBZ: 9189 px, min=5 max=50
20:17:10 [ingest.iabg] INFO: [BRD] 5 frames готови
20:17:10 [main] INFO:   Общо: 20 frames от 4 източника
20:17:10 [main] INFO: ── Фаза 3: Composite ──
20:17:11 [composite] INFO:   romania_composite: 2026-07-04 16:20:00+00:00 Δ=0s
20:17:11 [composite] INFO: Composite: 1 слоя, 28442 valid px
20:17:11 [composite] INFO:   romania_composite: 2026-07-04 16:40:00+00:00 Δ=0s
20:17:11 [composite] INFO: Composite: 1 слоя, 27069 valid px
20:17:11 [composite] INFO:   romania_composite: 2026-07-04 16:50:00+00:00 Δ=446s
20:17:11 [composite] INFO:   iabg_GCD: 2026-07-04 16:57:26+00:00 Δ=0s
20:17:11 [composite] INFO: Composite: 2 слоя, 26449 valid px
20:17:11 [composite] INFO:   romania_composite: 2026-07-04 17:10:00+00:00 Δ=133s
20:17:11 [composite] INFO:   iabg_GCD: 2026-07-04 17:09:44+00:00 Δ=149s
20:17:11 [composite] INFO:   iabg_STS: 2026-07-04 17:11:27+00:00 Δ=46s
20:17:11 [composite] INFO:   iabg_BRD: 2026-07-04 17:12:13+00:00 Δ=0s
20:17:11 [composite] INFO: Composite: 4 слоя, 25886 valid px
20:17:11 [composite] INFO: Серия: 4 composites
20:17:11 [main] INFO: ── Фаза 4: S-PROG Nowcast ──
20:17:11 [nowcast] INFO: S-PROG: 12×5min = 60min
20:17:16 [nowcast] INFO: Optical flow: 3.5 px/step
20:17:19 [nowcast] INFO: Forecast: max=50.0 dBZ
20:17:19 [main] INFO: ── Фаза 6: Карти ──
20:17:25 [output] INFO: Nowcast карта: C:\nowcasting_public\data\output\maps\nowcast_20260704_1717.png
20:17:27 [output] INFO: Nowcast карта: C:\nowcasting_public\data\output\maps\nowcast_latest.png
20:17:27 [output] INFO: Pages meta: C:\nowcasting_public\data\output\maps\meta.json
20:17:27 [main] INFO: ============================================================
20:17:27 [main] INFO: ГОТОВО за 23.3 сек
20:17:27 [main] INFO: ============================================================
20:18:47 [main] INFO: ============================================================
20:18:47 [main] INFO: NOWCASTING PUBLIC — START
20:18:47 [main] INFO: ============================================================
20:18:47 [main] INFO: ── Фаза 1a: Румъния composite ──
20:18:47 [ingest.romania] INFO: === Ingest Румъния ===
20:18:48 [ingest.romania] INFO: Сваляне от https://opendata.meteoromania.ro/radar/COMPOSITE/
20:18:48 [ingest.romania] INFO:   Вече е свален: COMPOSITE_2026070417100000dBZ.hdf
20:18:48 [ingest.romania] INFO: Чета: COMPOSITE_2026070416200000dBZ.hdf
20:18:48 [ingest.romania] INFO:   2026-07-04 16:20:00+00:00  800×850  (40.0-50.0°N, 17.5-33.4°E)  max dBZ=55.8
20:18:48 [ingest.romania] INFO: Чета: COMPOSITE_2026070416400000dBZ.hdf
20:18:48 [ingest.romania] INFO:   2026-07-04 16:40:00+00:00  800×850  (40.0-50.0°N, 17.5-33.4°E)  max dBZ=56.3
20:18:48 [ingest.romania] INFO: Чета: COMPOSITE_2026070416500000dBZ.hdf
20:18:48 [ingest.romania] INFO:   2026-07-04 16:50:00+00:00  800×850  (40.0-50.0°N, 17.5-33.4°E)  max dBZ=53.3
20:18:48 [ingest.romania] INFO: Чета: COMPOSITE_2026070417000000dBZ.hdf
20:18:48 [ingest.romania] INFO:   2026-07-04 17:00:00+00:00  800×850  (40.0-50.0°N, 17.5-33.4°E)  max dBZ=55.8
20:18:48 [ingest.romania] INFO: Чета: COMPOSITE_2026070417100000dBZ.hdf
20:18:48 [ingest.romania] INFO:   2026-07-04 17:10:00+00:00  800×850  (40.0-50.0°N, 17.5-33.4°E)  max dBZ=56.3
20:18:48 [ingest.romania] INFO:   5 frames прочетени
20:18:48 [main] INFO: ── Фаза 1b: ИАБГ радари ──
20:18:48 [ingest.iabg] INFO: === Ingest GCD (Голям Чардак) ===
20:18:48 [ingest.iabg] INFO: [GCD] 15 файла от JSON
20:18:48 [ingest.iabg] INFO:   dBZ: 3512 px, min=5 max=45
20:18:49 [ingest.iabg] INFO:   dBZ: 13973 px, min=15 max=45
20:18:49 [ingest.iabg] INFO:   dBZ: 3503 px, min=5 max=45
20:18:49 [ingest.iabg] INFO:   dBZ: 3202 px, min=5 max=45
20:18:49 [ingest.iabg] INFO:   dBZ: 2969 px, min=5 max=50
20:18:49 [ingest.iabg] INFO: [GCD] 5 frames готови
20:18:49 [ingest.iabg] INFO: === Ingest STS (Старо Село) ===
20:18:50 [ingest.iabg] INFO: [STS] 15 файла от JSON
20:18:50 [ingest.iabg] INFO:   dBZ: 9861 px, min=15 max=50
20:18:50 [ingest.iabg] INFO:   dBZ: 2349 px, min=5 max=50
20:18:50 [ingest.iabg] INFO:   dBZ: 2411 px, min=5 max=50
20:18:51 [ingest.iabg] INFO:   dBZ: 2572 px, min=5 max=50
20:18:51 [ingest.iabg] INFO:   dBZ: 2720 px, min=5 max=50
20:18:51 [ingest.iabg] INFO: [STS] 5 frames готови
20:18:51 [ingest.iabg] INFO: === Ingest BRD (Бърдарски геран) ===
20:18:51 [ingest.iabg] INFO: [BRD] 15 файла от JSON
20:18:51 [ingest.iabg] INFO:   dBZ: 26230 px, min=15 max=50
20:18:52 [ingest.iabg] INFO:   dBZ: 9389 px, min=5 max=50
20:18:52 [ingest.iabg] INFO:   dBZ: 9182 px, min=5 max=50
20:18:52 [ingest.iabg] INFO:   dBZ: 9309 px, min=5 max=50
20:18:52 [ingest.iabg] INFO:   dBZ: 9189 px, min=5 max=50
20:18:52 [ingest.iabg] INFO: [BRD] 5 frames готови
20:18:52 [main] INFO:   Общо: 20 frames от 4 източника
20:18:52 [main] INFO: ── Фаза 3: Composite ──
20:18:53 [composite] INFO:   romania_composite: 2026-07-04 16:20:00+00:00 Δ=0s
20:18:53 [composite] INFO: Composite: 1 слоя, 28442 valid px
20:18:53 [composite] INFO:   romania_composite: 2026-07-04 16:40:00+00:00 Δ=0s
20:18:53 [composite] INFO: Composite: 1 слоя, 27069 valid px
20:18:53 [composite] INFO:   romania_composite: 2026-07-04 16:50:00+00:00 Δ=446s
20:18:53 [composite] INFO:   iabg_GCD: 2026-07-04 16:57:26+00:00 Δ=0s
20:18:53 [composite] INFO: Composite: 2 слоя, 26449 valid px
20:18:53 [composite] INFO:   romania_composite: 2026-07-04 17:10:00+00:00 Δ=133s
20:18:53 [composite] INFO:   iabg_GCD: 2026-07-04 17:09:44+00:00 Δ=149s
20:18:53 [composite] INFO:   iabg_STS: 2026-07-04 17:11:27+00:00 Δ=46s
20:18:53 [composite] INFO:   iabg_BRD: 2026-07-04 17:12:13+00:00 Δ=0s
20:18:53 [composite] INFO: Composite: 4 слоя, 25886 valid px
20:18:53 [composite] INFO: Серия: 4 composites
20:18:53 [main] INFO: ── Фаза 4: S-PROG Nowcast ──
20:18:53 [nowcast] INFO: S-PROG: 12×5min = 60min
20:18:57 [nowcast] INFO: Optical flow: 3.5 px/step
20:19:00 [nowcast] INFO: Forecast: max=50.0 dBZ
20:19:00 [main] INFO: ── Фаза 6: Карти ──
20:19:05 [output] INFO: Nowcast карта: C:\nowcasting_public\data\output\maps\nowcast_20260704_1719.png
20:19:08 [output] INFO: Nowcast карта: C:\nowcasting_public\data\output\maps\nowcast_latest.png
20:19:08 [output] INFO: Pages meta: C:\nowcasting_public\data\output\maps\meta.json
20:19:08 [main] INFO: ============================================================
20:19:08 [main] INFO: ГОТОВО за 20.4 сек
20:19:08 [main] INFO: ============================================================
20:26:08 [main] INFO: ============================================================
20:26:08 [main] INFO: NOWCASTING PUBLIC — START
20:26:08 [main] INFO: ============================================================
20:26:08 [main] INFO: ── Фаза 1a: Румъния composite ──
20:26:08 [ingest.romania] INFO: === Ingest Румъния ===
20:26:08 [ingest.romania] INFO: Сваляне от https://opendata.meteoromania.ro/radar/COMPOSITE/
20:26:08 [ingest.romania] INFO:   Вече е свален: COMPOSITE_2026070417200000dBZ.hdf
20:26:09 [ingest.romania] INFO: Чета: COMPOSITE_2026070416400000dBZ.hdf
20:26:09 [ingest.romania] INFO:   2026-07-04 16:40:00+00:00  800×850  (40.0-50.0°N, 17.5-33.4°E)  max dBZ=56.3
20:26:09 [ingest.romania] INFO: Чета: COMPOSITE_2026070416500000dBZ.hdf
20:26:09 [ingest.romania] INFO:   2026-07-04 16:50:00+00:00  800×850  (40.0-50.0°N, 17.5-33.4°E)  max dBZ=53.3
20:26:09 [ingest.romania] INFO: Чета: COMPOSITE_2026070417000000dBZ.hdf
20:26:09 [ingest.romania] INFO:   2026-07-04 17:00:00+00:00  800×850  (40.0-50.0°N, 17.5-33.4°E)  max dBZ=55.8
20:26:09 [ingest.romania] INFO: Чета: COMPOSITE_2026070417100000dBZ.hdf
20:26:09 [ingest.romania] INFO:   2026-07-04 17:10:00+00:00  800×850  (40.0-50.0°N, 17.5-33.4°E)  max dBZ=56.3
20:26:09 [ingest.romania] INFO: Чета: COMPOSITE_2026070417200000dBZ.hdf
20:26:09 [ingest.romania] INFO:   2026-07-04 17:20:00+00:00  800×850  (40.0-50.0°N, 17.5-33.4°E)  max dBZ=63.4
20:26:09 [ingest.romania] INFO:   5 frames прочетени
20:26:09 [main] INFO: ── Фаза 1b: ИАБГ радари ──
20:26:09 [ingest.iabg] INFO: === Ingest GCD (Голям Чардак) ===
20:26:09 [ingest.iabg] INFO: [GCD] 15 файла от JSON
20:26:09 [ingest.iabg] INFO:   dBZ: 3202 px, min=5 max=45
20:26:09 [ingest.iabg] INFO:   dBZ: 2969 px, min=5 max=50
20:26:10 [ingest.iabg] INFO:   dBZ: 2947 px, min=5 max=45
20:26:10 [ingest.iabg] INFO:   dBZ: 2711 px, min=5 max=45
20:26:10 [ingest.iabg] INFO:   dBZ: 2545 px, min=5 max=40
20:26:10 [ingest.iabg] INFO: [GCD] 5 frames готови
20:26:10 [ingest.iabg] INFO: === Ingest STS (Старо Село) ===
20:26:10 [ingest.iabg] INFO: [STS] 15 файла от JSON
20:26:10 [ingest.iabg] INFO:   dBZ: 2411 px, min=5 max=50
20:26:11 [ingest.iabg] INFO:   dBZ: 2572 px, min=5 max=50
20:26:11 [ingest.iabg] INFO:   dBZ: 2720 px, min=5 max=50
20:26:11 [ingest.iabg] INFO:   dBZ: 2839 px, min=5 max=50
20:26:11 [ingest.iabg] INFO:   dBZ: 3125 px, min=5 max=50
20:26:11 [ingest.iabg] INFO: [STS] 5 frames готови
20:26:11 [ingest.iabg] INFO: === Ingest BRD (Бърдарски геран) ===
20:26:12 [ingest.iabg] INFO: [BRD] 15 файла от JSON
20:26:12 [ingest.iabg] INFO:   dBZ: 9182 px, min=5 max=50
20:26:12 [ingest.iabg] INFO:   dBZ: 9309 px, min=5 max=50
20:26:12 [ingest.iabg] INFO:   dBZ: 9189 px, min=5 max=50
20:26:13 [ingest.iabg] INFO:   dBZ: 9351 px, min=5 max=50
20:26:13 [ingest.iabg] INFO:   dBZ: 9363 px, min=5 max=50
20:26:13 [ingest.iabg] INFO: [BRD] 5 frames готови
20:26:13 [main] INFO:   Общо: 20 frames от 4 източника
20:26:13 [main] INFO: ── Фаза 3: Composite ──
20:26:13 [composite] INFO:   romania_composite: 2026-07-04 16:40:00+00:00 Δ=0s
20:26:13 [composite] INFO: Composite: 1 слоя, 2691 valid px
20:26:13 [composite] INFO:   romania_composite: 2026-07-04 16:50:00+00:00 Δ=0s
20:26:13 [composite] INFO: Composite: 1 слоя, 2584 valid px
20:26:13 [composite] INFO:   romania_composite: 2026-07-04 17:00:00+00:00 Δ=339s
20:26:13 [composite] INFO:   iabg_GCD: 2026-07-04 17:05:39+00:00 Δ=0s
20:26:13 [composite] INFO:   iabg_STS: 2026-07-04 17:03:58+00:00 Δ=101s
20:26:14 [composite] INFO:   iabg_BRD: 2026-07-04 17:04:41+00:00 Δ=58s
20:26:14 [composite] INFO: Composite: 4 слоя, 3117 valid px
20:26:14 [composite] INFO:   romania_composite: 2026-07-04 17:20:00+00:00 Δ=120s
20:26:14 [composite] INFO:   iabg_GCD: 2026-07-04 17:22:00+00:00 Δ=0s
20:26:14 [composite] INFO:   iabg_STS: 2026-07-04 17:18:57+00:00 Δ=183s
20:26:14 [composite] INFO:   iabg_BRD: 2026-07-04 17:19:46+00:00 Δ=134s
20:26:14 [composite] INFO: Composite: 4 слоя, 2940 valid px
20:26:14 [composite] INFO: Серия: 4 composites
20:26:14 [main] INFO: ── Фаза 4: S-PROG Nowcast ──
20:26:14 [nowcast] INFO: S-PROG: 12×5min = 60min
20:26:17 [nowcast] INFO: Optical flow: 2.9 px/step
20:26:20 [nowcast] INFO: Forecast: max=50.0 dBZ
20:26:20 [main] INFO: ── Фаза 6: Карти ──
20:26:26 [output] INFO: Nowcast карта: C:\nowcasting_public\data\output\maps\nowcast_20260704_1726.png
20:26:28 [output] INFO: Nowcast карта: C:\nowcasting_public\data\output\maps\nowcast_latest.png
20:26:28 [output] INFO: Pages meta: C:\nowcasting_public\data\output\maps\meta.json
20:26:28 [main] INFO: ============================================================
20:26:28 [main] INFO: ГОТОВО за 20.2 сек
20:26:28 [main] INFO: ============================================================
20:28:23 [main] INFO: ============================================================
20:28:23 [main] INFO: NOWCASTING PUBLIC — START
20:28:23 [main] INFO: ============================================================
20:28:23 [main] INFO: ── Фаза 1a: Румъния composite ──
20:28:23 [ingest.romania] INFO: === Ingest Румъния ===
20:28:23 [ingest.romania] INFO: Сваляне от https://opendata.meteoromania.ro/radar/COMPOSITE/
20:28:23 [ingest.romania] INFO:   Вече е свален: COMPOSITE_2026070417200000dBZ.hdf
20:28:24 [ingest.romania] INFO: Чета: COMPOSITE_2026070416400000dBZ.hdf
20:28:24 [ingest.romania] INFO:   2026-07-04 16:40:00+00:00  800×850  (40.0-50.0°N, 17.5-33.4°E)  max dBZ=56.3
20:28:24 [ingest.romania] INFO: Чета: COMPOSITE_2026070416500000dBZ.hdf
20:28:24 [ingest.romania] INFO:   2026-07-04 16:50:00+00:00  800×850  (40.0-50.0°N, 17.5-33.4°E)  max dBZ=53.3
20:28:24 [ingest.romania] INFO: Чета: COMPOSITE_2026070417000000dBZ.hdf
20:28:24 [ingest.romania] INFO:   2026-07-04 17:00:00+00:00  800×850  (40.0-50.0°N, 17.5-33.4°E)  max dBZ=55.8
20:28:24 [ingest.romania] INFO: Чета: COMPOSITE_2026070417100000dBZ.hdf
20:28:24 [ingest.romania] INFO:   2026-07-04 17:10:00+00:00  800×850  (40.0-50.0°N, 17.5-33.4°E)  max dBZ=56.3
20:28:24 [ingest.romania] INFO: Чета: COMPOSITE_2026070417200000dBZ.hdf
20:28:24 [ingest.romania] INFO:   2026-07-04 17:20:00+00:00  800×850  (40.0-50.0°N, 17.5-33.4°E)  max dBZ=63.4
20:28:24 [ingest.romania] INFO:   5 frames прочетени
20:28:24 [main] INFO: ── Фаза 1b: ИАБГ радари ──
20:28:24 [ingest.iabg] INFO: === Ingest GCD (Голям Чардак) ===
20:28:24 [ingest.iabg] INFO: [GCD] 15 файла от JSON
20:28:24 [ingest.iabg] INFO:   dBZ: 3202 px, min=5 max=45
20:28:24 [ingest.iabg] INFO:   dBZ: 2969 px, min=5 max=50
20:28:25 [ingest.iabg] INFO:   dBZ: 2947 px, min=5 max=45
20:28:25 [ingest.iabg] INFO:   dBZ: 2711 px, min=5 max=45
20:28:25 [ingest.iabg] INFO:   dBZ: 2545 px, min=5 max=40
20:28:25 [ingest.iabg] INFO: [GCD] 5 frames готови
20:28:25 [ingest.iabg] INFO: === Ingest STS (Старо Село) ===
20:28:25 [ingest.iabg] INFO: [STS] 15 файла от JSON
20:28:25 [ingest.iabg] INFO:   dBZ: 2411 px, min=5 max=50
20:28:26 [ingest.iabg] INFO:   dBZ: 2572 px, min=5 max=50
20:28:26 [ingest.iabg] INFO:   dBZ: 2720 px, min=5 max=50
20:28:26 [ingest.iabg] INFO:   dBZ: 2839 px, min=5 max=50
20:28:26 [ingest.iabg] INFO:   dBZ: 3125 px, min=5 max=50
20:28:26 [ingest.iabg] INFO: [STS] 5 frames готови
20:28:26 [ingest.iabg] INFO: === Ingest BRD (Бърдарски геран) ===
20:28:27 [ingest.iabg] INFO: [BRD] 15 файла от JSON
20:28:27 [ingest.iabg] INFO:   dBZ: 9182 px, min=5 max=50
20:28:27 [ingest.iabg] INFO:   dBZ: 9309 px, min=5 max=50
20:28:27 [ingest.iabg] INFO:   dBZ: 9189 px, min=5 max=50
20:28:28 [ingest.iabg] INFO:   dBZ: 9351 px, min=5 max=50
20:28:28 [ingest.iabg] INFO:   dBZ: 9363 px, min=5 max=50
20:28:28 [ingest.iabg] INFO: [BRD] 5 frames готови
20:28:28 [main] INFO:   Общо: 20 frames от 4 източника
20:28:28 [main] INFO: ── Фаза 3: Composite ──
20:28:28 [composite] INFO:   romania_composite: 2026-07-04 16:40:00+00:00 Δ=0s
20:28:28 [composite] INFO: Composite: 1 слоя, 3572 valid px
20:28:28 [composite] INFO:   romania_composite: 2026-07-04 16:50:00+00:00 Δ=0s
20:28:28 [composite] INFO: Composite: 1 слоя, 3429 valid px
20:28:29 [composite] INFO:   romania_composite: 2026-07-04 17:00:00+00:00 Δ=339s
20:28:29 [composite] INFO:   iabg_GCD: 2026-07-04 17:05:39+00:00 Δ=0s
20:28:29 [composite] INFO:   iabg_STS: 2026-07-04 17:03:58+00:00 Δ=101s
20:28:29 [composite] INFO:   iabg_BRD: 2026-07-04 17:04:41+00:00 Δ=58s
20:28:29 [composite] INFO: Composite: 4 слоя, 3965 valid px
20:28:29 [composite] INFO:   romania_composite: 2026-07-04 17:20:00+00:00 Δ=120s
20:28:29 [composite] INFO:   iabg_GCD: 2026-07-04 17:22:00+00:00 Δ=0s
20:28:29 [composite] INFO:   iabg_STS: 2026-07-04 17:18:57+00:00 Δ=183s
20:28:29 [composite] INFO:   iabg_BRD: 2026-07-04 17:19:46+00:00 Δ=134s
20:28:29 [composite] INFO: Composite: 4 слоя, 3756 valid px
20:28:29 [composite] INFO: Серия: 4 composites
20:28:29 [main] INFO: ── Фаза 4: S-PROG Nowcast ──
20:28:29 [nowcast] INFO: S-PROG: 12×5min = 60min
20:28:32 [nowcast] INFO: Optical flow: 4.4 px/step
20:28:36 [nowcast] INFO: Forecast: max=50.0 dBZ
20:28:36 [main] INFO: ── Фаза 6: Карти ──
20:28:41 [output] INFO: Nowcast карта: C:\nowcasting_public\data\output\maps\nowcast_20260704_1728.png
20:28:43 [output] INFO: Nowcast карта: C:\nowcasting_public\data\output\maps\nowcast_latest.png
20:28:43 [output] INFO: Pages meta: C:\nowcasting_public\data\output\maps\meta.json
20:28:43 [main] INFO: ============================================================
20:28:43 [main] INFO: ГОТОВО за 20.2 сек
20:28:43 [main] INFO: ============================================================
20:31:46 [main] INFO: ============================================================
20:31:46 [main] INFO: NOWCASTING PUBLIC — START
20:31:46 [main] INFO: ============================================================
20:31:46 [main] INFO: ── Фаза 1a: Румъния composite ──
20:31:46 [ingest.romania] INFO: === Ingest Румъния ===
20:31:47 [ingest.romania] INFO: Сваляне от https://opendata.meteoromania.ro/radar/COMPOSITE/
20:31:47 [ingest.romania] INFO:   Вече е свален: COMPOSITE_2026070417200000dBZ.hdf
20:31:47 [ingest.romania] INFO: Чета: COMPOSITE_2026070416400000dBZ.hdf
20:31:47 [ingest.romania] INFO:   2026-07-04 16:40:00+00:00  800×850  (40.0-50.0°N, 17.5-33.4°E)  max dBZ=56.3
20:31:47 [ingest.romania] INFO: Чета: COMPOSITE_2026070416500000dBZ.hdf
20:31:47 [ingest.romania] INFO:   2026-07-04 16:50:00+00:00  800×850  (40.0-50.0°N, 17.5-33.4°E)  max dBZ=53.3
20:31:47 [ingest.romania] INFO: Чета: COMPOSITE_2026070417000000dBZ.hdf
20:31:47 [ingest.romania] INFO:   2026-07-04 17:00:00+00:00  800×850  (40.0-50.0°N, 17.5-33.4°E)  max dBZ=55.8
20:31:47 [ingest.romania] INFO: Чета: COMPOSITE_2026070417100000dBZ.hdf
20:31:47 [ingest.romania] INFO:   2026-07-04 17:10:00+00:00  800×850  (40.0-50.0°N, 17.5-33.4°E)  max dBZ=56.3
20:31:47 [ingest.romania] INFO: Чета: COMPOSITE_2026070417200000dBZ.hdf
20:31:47 [ingest.romania] INFO:   2026-07-04 17:20:00+00:00  800×850  (40.0-50.0°N, 17.5-33.4°E)  max dBZ=63.4
20:31:47 [ingest.romania] INFO:   5 frames прочетени
20:31:47 [main] INFO: ── Фаза 1b: ИАБГ радари ──
20:31:47 [main] INFO:   Общо: 5 frames от 1 източника
20:31:47 [main] INFO: ── Фаза 3: Composite ──
20:31:48 [composite] INFO:   romania_composite: 2026-07-04 16:40:00+00:00 Δ=0s
20:31:48 [composite] INFO: Composite: 1 слоя, 3572 valid px
20:31:48 [composite] INFO:   romania_composite: 2026-07-04 16:50:00+00:00 Δ=0s
20:31:48 [composite] INFO: Composite: 1 слоя, 3429 valid px
20:31:48 [composite] INFO:   romania_composite: 2026-07-04 17:00:00+00:00 Δ=0s
20:31:48 [composite] INFO: Composite: 1 слоя, 3317 valid px
20:31:48 [composite] INFO:   romania_composite: 2026-07-04 17:10:00+00:00 Δ=0s
20:31:48 [composite] INFO: Composite: 1 слоя, 3260 valid px
20:31:48 [composite] INFO:   romania_composite: 2026-07-04 17:20:00+00:00 Δ=0s
20:31:48 [composite] INFO: Composite: 1 слоя, 3041 valid px
20:31:48 [composite] INFO: Серия: 5 composites
20:31:48 [main] INFO: ── Фаза 4: S-PROG Nowcast ──
20:31:48 [nowcast] INFO: S-PROG: 12×5min = 60min
20:31:52 [nowcast] INFO: Optical flow: 5.4 px/step
20:31:55 [nowcast] INFO: Forecast: max=41.3 dBZ
20:31:55 [main] INFO: ── Фаза 6: Карти ──
20:32:01 [output] INFO: Nowcast карта: C:\nowcasting_public\data\output\maps\nowcast_20260704_1731.png
20:32:04 [output] INFO: Nowcast карта: C:\nowcasting_public\data\output\maps\nowcast_latest.png
20:32:04 [output] INFO: Pages meta: C:\nowcasting_public\data\output\maps\meta.json
20:32:04 [main] INFO: ============================================================
20:32:04 [main] INFO: ГОТОВО за 17.2 сек
20:32:04 [main] INFO: ============================================================
20:43:09 [main] INFO: ============================================================
20:43:09 [main] INFO: NOWCASTING PUBLIC — START
20:43:09 [main] INFO: ============================================================
20:43:09 [main] INFO: ── Фаза 1a: Румъния composite ──
20:43:09 [ingest.romania] INFO: === Ingest Румъния ===
20:43:09 [ingest.romania] INFO: Сваляне от https://opendata.meteoromania.ro/radar/COMPOSITE/
20:43:09 [ingest.romania] INFO:   Сваляне: COMPOSITE_2026070417300000dBZ.hdf
20:43:09 [ingest.romania] INFO:   Запазен: C:\nowcasting_public\data\radar\romania\COMPOSITE_2026070417300000dBZ.hdf
20:43:10 [ingest.romania] INFO: Чета: COMPOSITE_2026070416500000dBZ.hdf
20:43:10 [ingest.romania] INFO:   2026-07-04 16:50:00+00:00  800×850  (40.0-50.0°N, 17.5-33.4°E)  max dBZ=53.3
20:43:10 [ingest.romania] INFO: Чета: COMPOSITE_2026070417000000dBZ.hdf
20:43:10 [ingest.romania] INFO:   2026-07-04 17:00:00+00:00  800×850  (40.0-50.0°N, 17.5-33.4°E)  max dBZ=55.8
20:43:10 [ingest.romania] INFO: Чета: COMPOSITE_2026070417100000dBZ.hdf
20:43:10 [ingest.romania] INFO:   2026-07-04 17:10:00+00:00  800×850  (40.0-50.0°N, 17.5-33.4°E)  max dBZ=56.3
20:43:10 [ingest.romania] INFO: Чета: COMPOSITE_2026070417200000dBZ.hdf
20:43:10 [ingest.romania] INFO:   2026-07-04 17:20:00+00:00  800×850  (40.0-50.0°N, 17.5-33.4°E)  max dBZ=63.4
20:43:10 [ingest.romania] INFO: Чета: COMPOSITE_2026070417300000dBZ.hdf
20:43:10 [ingest.romania] INFO:   2026-07-04 17:30:00+00:00  800×850  (40.0-50.0°N, 17.5-33.4°E)  max dBZ=58.9
20:43:10 [ingest.romania] INFO:   5 frames прочетени
20:43:10 [main] INFO: ── Фаза 1b: ИАБГ радари ──
20:43:10 [ingest.iabg] INFO: === Ingest GCD (Голям Чардак) ===
20:43:10 [ingest.iabg] INFO: [GCD] 15 файла от JSON
20:43:10 [ingest.iabg] INFO:   dBZ: 2711 px, min=5 max=45
20:43:10 [ingest.iabg] INFO:   dBZ: 2545 px, min=5 max=40
20:43:11 [ingest.iabg] INFO:   dBZ: 2400 px, min=5 max=40
20:43:11 [ingest.iabg] INFO:   dBZ: 2227 px, min=5 max=40
20:43:11 [ingest.iabg] INFO:   dBZ: 2225 px, min=5 max=45
20:43:11 [ingest.iabg] INFO: [GCD] 5 frames готови
20:43:11 [ingest.iabg] INFO: === Ingest STS (Старо Село) ===
20:43:11 [ingest.iabg] INFO: [STS] 15 файла от JSON
20:43:12 [ingest.iabg] INFO:   dBZ: 3125 px, min=5 max=50
20:43:12 [ingest.iabg] INFO:   dBZ: 3125 px, min=5 max=50
20:43:12 [ingest.iabg] INFO:   dBZ: 3289 px, min=5 max=50
20:43:12 [ingest.iabg] INFO:   dBZ: 3511 px, min=5 max=50
20:43:13 [ingest.iabg] INFO:   dBZ: 3658 px, min=5 max=50
20:43:13 [ingest.iabg] INFO: [STS] 5 frames готови
20:43:13 [ingest.iabg] INFO: === Ingest BRD (Бърдарски геран) ===
20:43:13 [ingest.iabg] INFO: [BRD] 15 файла от JSON
20:43:13 [ingest.iabg] INFO:   dBZ: 9363 px, min=5 max=50
20:43:13 [ingest.iabg] INFO:   dBZ: 9057 px, min=5 max=50
20:43:13 [ingest.iabg] INFO:   dBZ: 9273 px, min=5 max=50
20:43:14 [ingest.iabg] INFO:   dBZ: 9077 px, min=5 max=50
20:43:14 [ingest.iabg] INFO:   dBZ: 9020 px, min=5 max=50
20:43:14 [ingest.iabg] INFO: [BRD] 5 frames готови
20:43:14 [main] INFO:   Общо: 20 frames от 4 източника
20:43:14 [main] INFO: ── Фаза 3: Composite ──
20:43:15 [composite] INFO:   romania_composite: 2026-07-04 16:50:00+00:00 Δ=0s
20:43:15 [composite] INFO: Composite: 1 слоя, 8943 valid px
20:43:15 [composite] INFO:   romania_composite: 2026-07-04 17:00:00+00:00 Δ=0s
20:43:15 [composite] INFO: Composite: 1 слоя, 9043 valid px
20:43:15 [composite] INFO:   romania_composite: 2026-07-04 17:10:00+00:00 Δ=586s
20:43:15 [composite] INFO:   iabg_GCD: 2026-07-04 17:17:52+00:00 Δ=114s
20:43:15 [composite] INFO:   iabg_STS: 2026-07-04 17:18:57+00:00 Δ=49s
20:43:15 [composite] INFO:   iabg_BRD: 2026-07-04 17:19:46+00:00 Δ=0s
20:43:15 [composite] INFO: Composite: 4 слоя, 9922 valid px
20:43:15 [composite] INFO:   romania_composite: 2026-07-04 17:30:00+00:00 Δ=292s
20:43:15 [composite] INFO:   iabg_GCD: 2026-07-04 17:34:16+00:00 Δ=36s
20:43:15 [composite] INFO:   iabg_STS: 2026-07-04 17:33:58+00:00 Δ=54s
20:43:15 [composite] INFO:   iabg_BRD: 2026-07-04 17:34:52+00:00 Δ=0s
20:43:15 [composite] INFO: Composite: 4 слоя, 9814 valid px
20:43:15 [composite] INFO: Серия: 4 composites
20:43:15 [main] INFO: ── Фаза 4: S-PROG Nowcast ──
20:43:15 [nowcast] INFO: S-PROG: 12×5min = 60min
20:43:18 [nowcast] INFO: Optical flow: 10.8 px/step
20:43:22 [nowcast] INFO: Forecast: max=58.7 dBZ
20:43:22 [main] INFO: ── Фаза 6: Карти ──
20:43:27 [output] INFO: Nowcast карта: C:\nowcasting_public\data\output\maps\nowcast_20260704_1743.png
20:43:29 [output] INFO: Nowcast карта: C:\nowcasting_public\data\output\maps\nowcast_latest.png
20:43:29 [output] INFO: Pages meta: C:\nowcasting_public\data\output\maps\meta.json
20:43:29 [main] INFO: ============================================================
20:43:29 [main] INFO: ГОТОВО за 20.8 сек
20:43:29 [main] INFO: ============================================================
20:44:55 [main] INFO: ============================================================
20:44:55 [main] INFO: NOWCASTING PUBLIC — START
20:44:55 [main] INFO: ============================================================
20:44:55 [main] INFO: ── Фаза 1a: Румъния composite ──
20:44:55 [ingest.romania] INFO: === Ingest Румъния ===
20:44:55 [ingest.romania] INFO: Сваляне от https://opendata.meteoromania.ro/radar/COMPOSITE/
20:44:55 [ingest.romania] INFO:   Сваляне: COMPOSITE_2026070417400000dBZ.hdf
20:44:56 [ingest.romania] INFO:   Запазен: C:\nowcasting_public\data\radar\romania\COMPOSITE_2026070417400000dBZ.hdf
20:44:56 [ingest.romania] INFO: Чета: COMPOSITE_2026070417000000dBZ.hdf
20:44:56 [ingest.romania] INFO:   2026-07-04 17:00:00+00:00  800×850  (40.0-50.0°N, 17.5-33.4°E)  max dBZ=55.8
20:44:56 [ingest.romania] INFO: Чета: COMPOSITE_2026070417100000dBZ.hdf
20:44:56 [ingest.romania] INFO:   2026-07-04 17:10:00+00:00  800×850  (40.0-50.0°N, 17.5-33.4°E)  max dBZ=56.3
20:44:56 [ingest.romania] INFO: Чета: COMPOSITE_2026070417200000dBZ.hdf
20:44:56 [ingest.romania] INFO:   2026-07-04 17:20:00+00:00  800×850  (40.0-50.0°N, 17.5-33.4°E)  max dBZ=63.4
20:44:56 [ingest.romania] INFO: Чета: COMPOSITE_2026070417300000dBZ.hdf
20:44:56 [ingest.romania] INFO:   2026-07-04 17:30:00+00:00  800×850  (40.0-50.0°N, 17.5-33.4°E)  max dBZ=58.9
20:44:56 [ingest.romania] INFO: Чета: COMPOSITE_2026070417400000dBZ.hdf
20:44:56 [ingest.romania] INFO:   2026-07-04 17:40:00+00:00  800×850  (40.0-50.0°N, 17.5-33.4°E)  max dBZ=61.4
20:44:56 [ingest.romania] INFO:   5 frames прочетени
20:44:56 [main] INFO: ── Фаза 1b: ИАБГ радари ──
20:44:56 [ingest.iabg] INFO: === Ingest GCD (Голям Чардак) ===
20:44:56 [ingest.iabg] INFO: [GCD] 15 файла от JSON
20:44:56 [ingest.iabg] INFO:   dBZ: 2711 px, min=5 max=45
20:44:57 [ingest.iabg] INFO:   dBZ: 2545 px, min=5 max=40
20:44:57 [ingest.iabg] INFO:   dBZ: 2400 px, min=5 max=40
20:44:57 [ingest.iabg] INFO:   dBZ: 2227 px, min=5 max=40
20:44:57 [ingest.iabg] INFO:   dBZ: 2225 px, min=5 max=45
20:44:57 [ingest.iabg] INFO: [GCD] 5 frames готови
20:44:57 [ingest.iabg] INFO: === Ingest STS (Старо Село) ===
20:44:58 [ingest.iabg] INFO: [STS] 15 файла от JSON
20:44:58 [ingest.iabg] INFO:   dBZ: 3125 px, min=5 max=50
20:44:58 [ingest.iabg] INFO:   dBZ: 3289 px, min=5 max=50
20:44:58 [ingest.iabg] INFO:   dBZ: 3511 px, min=5 max=50
20:44:59 [ingest.iabg] INFO:   dBZ: 3658 px, min=5 max=50
20:44:59 [ingest.iabg] INFO:   dBZ: 4026 px, min=5 max=50
20:44:59 [ingest.iabg] INFO: [STS] 5 frames готови
20:44:59 [ingest.iabg] INFO: === Ingest BRD (Бърдарски геран) ===
20:44:59 [ingest.iabg] INFO: [BRD] 15 файла от JSON
20:44:59 [ingest.iabg] INFO:   dBZ: 9363 px, min=5 max=50
20:45:00 [ingest.iabg] INFO:   dBZ: 9057 px, min=5 max=50
20:45:00 [ingest.iabg] INFO:   dBZ: 9273 px, min=5 max=50
20:45:00 [ingest.iabg] INFO:   dBZ: 9077 px, min=5 max=50
20:45:01 [ingest.iabg] INFO:   dBZ: 9020 px, min=5 max=50
20:45:01 [ingest.iabg] INFO: [BRD] 5 frames готови
20:45:01 [main] INFO:   Общо: 20 frames от 4 източника
20:45:01 [main] INFO: ── Фаза 3: Composite ──
20:45:01 [composite] INFO:   romania_composite: 2026-07-04 17:00:00+00:00 Δ=0s
20:45:01 [composite] INFO: Composite: 1 слоя, 9043 valid px
20:45:01 [composite] INFO:   romania_composite: 2026-07-04 17:10:00+00:00 Δ=586s
20:45:01 [composite] INFO:   iabg_GCD: 2026-07-04 17:17:52+00:00 Δ=114s
20:45:01 [composite] INFO:   iabg_BRD: 2026-07-04 17:19:46+00:00 Δ=0s
20:45:01 [composite] INFO: Composite: 3 слоя, 9303 valid px
20:45:01 [composite] INFO:   romania_composite: 2026-07-04 17:40:00+00:00 Δ=0s
20:45:01 [composite] INFO:   iabg_GCD: 2026-07-04 17:34:16+00:00 Δ=344s
20:45:01 [composite] INFO:   iabg_STS: 2026-07-04 17:37:41+00:00 Δ=139s
20:45:01 [composite] INFO:   iabg_BRD: 2026-07-04 17:34:52+00:00 Δ=308s
20:45:01 [composite] INFO: Composite: 4 слоя, 9998 valid px
20:45:01 [composite] INFO: Серия: 3 composites
20:45:01 [main] INFO: ── Фаза 4: S-PROG Nowcast ──
20:45:01 [nowcast] INFO: S-PROG: 12×5min = 60min
20:45:05 [nowcast] INFO: Optical flow: 15.2 px/step
20:45:09 [nowcast] INFO: Forecast: max=54.3 dBZ
20:45:09 [main] INFO: ── Фаза 5: ICON-EU + Blending ──
20:45:09 [ingest.icon] INFO: ICON-EU grid: 8×18 точки
20:45:09 [ingest.icon] ERROR: ICON-EU grid грешка: HTTP Error 400: Bad Request
20:45:09 [main] INFO: ── Фаза 6: Карти ──
20:45:15 [output] INFO: Nowcast карта: C:\nowcasting_public\data\output\maps\nowcast_20260704_1745.png
20:45:17 [output] INFO: Nowcast карта: C:\nowcasting_public\data\output\maps\nowcast_latest.png
20:45:17 [output] INFO: Pages meta: C:\nowcasting_public\data\output\maps\meta.json
20:45:17 [main] INFO: ============================================================
20:45:17 [main] INFO: ГОТОВО за 22.6 сек
20:45:17 [main] INFO: ============================================================
08:46:18 [main] INFO: ============================================================
08:46:18 [main] INFO: NOWCASTING PUBLIC — START
08:46:18 [main] INFO: ============================================================
08:46:18 [main] INFO: ── Фаза 1a: Румъния composite ──
08:46:18 [ingest.romania] INFO: === Ingest Румъния ===
08:46:18 [ingest.romania] INFO: Сваляне от https://opendata.meteoromania.ro/radar/COMPOSITE/
08:46:19 [ingest.romania] INFO:   Сваляне: COMPOSITE_2026070505300000dBZ.hdf
08:46:20 [ingest.romania] INFO:   Запазен: C:\nowcasting_public\data\radar\romania\COMPOSITE_2026070505300000dBZ.hdf
08:46:20 [ingest.romania] INFO: Чета: COMPOSITE_2026070417100000dBZ.hdf
08:46:20 [ingest.romania] INFO:   2026-07-04 17:10:00+00:00  800×850  (40.0-50.0°N, 17.5-33.4°E)  max dBZ=56.3
08:46:20 [ingest.romania] INFO: Чета: COMPOSITE_2026070417200000dBZ.hdf
08:46:20 [ingest.romania] INFO:   2026-07-04 17:20:00+00:00  800×850  (40.0-50.0°N, 17.5-33.4°E)  max dBZ=63.4
08:46:20 [ingest.romania] INFO: Чета: COMPOSITE_2026070417300000dBZ.hdf
08:46:20 [ingest.romania] INFO:   2026-07-04 17:30:00+00:00  800×850  (40.0-50.0°N, 17.5-33.4°E)  max dBZ=58.9
08:46:20 [ingest.romania] INFO: Чета: COMPOSITE_2026070417400000dBZ.hdf
08:46:20 [ingest.romania] INFO:   2026-07-04 17:40:00+00:00  800×850  (40.0-50.0°N, 17.5-33.4°E)  max dBZ=61.4
08:46:20 [ingest.romania] INFO: Чета: COMPOSITE_2026070505300000dBZ.hdf
08:46:20 [ingest.romania] INFO:   2026-07-05 05:30:00+00:00  800×850  (40.0-50.0°N, 17.5-33.4°E)  max dBZ=54.3
08:46:20 [ingest.romania] INFO:   5 frames прочетени
08:46:20 [main] INFO: ── Фаза 1b: ИАБГ радари ──
08:46:20 [ingest.iabg] INFO: === Ingest GCD (Голям Чардак) ===
08:46:20 [ingest.iabg] INFO: [GCD] 15 файла от JSON
08:46:21 [ingest.iabg] INFO:   dBZ: 115 px, min=5 max=40
08:46:21 [ingest.iabg] INFO:   dBZ: 108 px, min=5 max=25
08:46:22 [ingest.iabg] INFO:   dBZ: 73 px, min=5 max=30
08:46:22 [ingest.iabg] INFO:   dBZ: 127 px, min=5 max=35
08:46:22 [ingest.iabg] INFO:   dBZ: 144 px, min=5 max=35
08:46:22 [ingest.iabg] INFO: [GCD] 5 frames готови
08:46:22 [ingest.iabg] INFO: === Ingest STS (Старо Село) ===
08:46:23 [ingest.iabg] INFO: [STS] 15 файла от JSON
08:46:23 [ingest.iabg] INFO:   dBZ: 358 px, min=5 max=40
08:46:23 [ingest.iabg] INFO:   dBZ: 344 px, min=5 max=30
08:46:24 [ingest.iabg] INFO:   dBZ: 411 px, min=5 max=45
08:46:24 [ingest.iabg] INFO:   dBZ: 333 px, min=5 max=50
08:46:24 [ingest.iabg] INFO:   dBZ: 304 px, min=5 max=45
08:46:24 [ingest.iabg] INFO: [STS] 5 frames готови
08:46:24 [ingest.iabg] INFO: === Ingest BRD (Бърдарски геран) ===
08:46:24 [ingest.iabg] INFO: [BRD] 15 файла от JSON
08:46:25 [ingest.iabg] INFO:   dBZ: 795 px, min=5 max=30
08:46:25 [ingest.iabg] INFO:   dBZ: 776 px, min=5 max=40
08:46:25 [ingest.iabg] INFO:   dBZ: 804 px, min=5 max=35
08:46:26 [ingest.iabg] INFO:   dBZ: 8259 px, min=15 max=40
08:46:26 [ingest.iabg] INFO:   dBZ: 826 px, min=5 max=30
08:46:26 [ingest.iabg] INFO: [BRD] 5 frames готови
08:46:26 [main] INFO:   Общо: 20 frames от 4 източника
08:46:26 [main] INFO: ── Фаза 3: Composite ──
08:46:28 [composite] INFO:   iabg_BRD: 2026-07-05 04:53:50+00:00 Δ=0s
08:46:28 [composite] INFO: Composite: 1 слоя, 27 valid px
08:46:28 [composite] INFO:   iabg_BRD: 2026-07-05 05:01:32+00:00 Δ=0s
08:46:28 [composite] INFO: Composite: 1 слоя, 43 valid px
08:46:28 [composite] INFO:   iabg_GCD: 2026-07-05 05:19:31+00:00 Δ=216s
08:46:28 [composite] INFO:   iabg_STS: 2026-07-05 05:23:07+00:00 Δ=0s
08:46:28 [composite] INFO: Composite: 2 слоя, 197 valid px
08:46:28 [composite] INFO:   romania_composite: 2026-07-05 05:30:00+00:00 Δ=0s
08:46:28 [composite] INFO:   iabg_GCD: 2026-07-05 05:23:43+00:00 Δ=377s
08:46:28 [composite] INFO:   iabg_STS: 2026-07-05 05:23:07+00:00 Δ=413s
08:46:28 [composite] INFO: Composite: 3 слоя, 6839 valid px
08:46:28 [composite] INFO:   romania_composite: 2026-07-05 05:30:00+00:00 Δ=513s
08:46:28 [composite] INFO:   iabg_GCD: 2026-07-05 05:36:15+00:00 Δ=138s
08:46:28 [composite] INFO:   iabg_STS: 2026-07-05 05:38:33+00:00 Δ=0s
08:46:28 [composite] INFO: Composite: 3 слоя, 6796 valid px
08:46:28 [composite] INFO: Серия: 5 composites
08:46:28 [main] INFO: ── Фаза 4: S-PROG Nowcast ──
08:46:28 [nowcast] INFO: S-PROG: 12×9min = 108min (реален dt=8.6min)
08:46:33 [nowcast] INFO: Optical flow: 0.0 px/step
08:46:37 [nowcast] INFO: Forecast: max=49.7 dBZ
08:46:37 [main] INFO: ── Фаза 6: Карти ──
08:46:42 [output] INFO: Nowcast карта: C:\nowcasting_public\data\output\maps\nowcast_20260705_0546.png
08:46:45 [output] INFO: Nowcast карта: C:\nowcasting_public\data\output\maps\nowcast_latest.png
08:46:45 [output] INFO: Pages meta: C:\nowcasting_public\data\output\maps\meta.json
08:46:45 [main] INFO: ============================================================
08:46:45 [main] INFO: ГОТОВО за 27.1 сек
08:46:45 [main] INFO: ============================================================
08:54:07 [main] INFO: ============================================================
08:54:07 [main] INFO: NOWCASTING PUBLIC — START
08:54:07 [main] INFO: ============================================================
08:54:07 [main] INFO: ── Фаза 1a: Румъния composite ──
08:54:07 [ingest.romania] INFO: === Ingest Румъния ===
08:54:08 [ingest.romania] INFO: Сваляне от https://opendata.meteoromania.ro/radar/COMPOSITE/
08:54:08 [ingest.romania] INFO:   Сваляне: COMPOSITE_2026070505400000dBZ.hdf
08:54:09 [ingest.romania] INFO:   Запазен: C:\nowcasting_public\data\radar\romania\COMPOSITE_2026070505400000dBZ.hdf
08:54:09 [ingest.romania] INFO: Чета: COMPOSITE_2026070505300000dBZ.hdf
08:54:09 [ingest.romania] INFO:   2026-07-05 05:30:00+00:00  800×850  (40.0-50.0°N, 17.5-33.4°E)  max dBZ=54.3
08:54:09 [ingest.romania] INFO: Чета: COMPOSITE_2026070505400000dBZ.hdf
08:54:09 [ingest.romania] INFO:   2026-07-05 05:40:00+00:00  800×850  (40.0-50.0°N, 17.5-33.4°E)  max dBZ=54.3
08:54:09 [ingest.romania] INFO:   2 frames прочетени
08:54:09 [main] INFO: ── Фаза 1b: ИАБГ радари ──
08:54:09 [ingest.iabg] INFO: === Ingest GCD (Голям Чардак) ===
08:54:09 [ingest.iabg] INFO: [GCD] 15 файла от JSON
08:54:10 [ingest.iabg] INFO:   dBZ: 115 px, min=5 max=40
08:54:10 [ingest.iabg] INFO:   dBZ: 108 px, min=5 max=25
08:54:11 [ingest.iabg] INFO:   dBZ: 73 px, min=5 max=30
08:54:11 [ingest.iabg] INFO:   dBZ: 127 px, min=5 max=35
08:54:11 [ingest.iabg] INFO:   dBZ: 144 px, min=5 max=35
08:54:11 [ingest.iabg] INFO: [GCD] 5 frames готови
08:54:11 [ingest.iabg] INFO: === Ingest STS (Старо Село) ===
08:54:12 [ingest.iabg] INFO: [STS] 15 файла от JSON
08:54:12 [ingest.iabg] INFO:   dBZ: 411 px, min=5 max=45
08:54:12 [ingest.iabg] INFO:   dBZ: 333 px, min=5 max=50
08:54:13 [ingest.iabg] INFO:   dBZ: 304 px, min=5 max=45
08:54:13 [ingest.iabg] INFO:   dBZ: 267 px, min=5 max=40
08:54:13 [ingest.iabg] INFO:   dBZ: 211 px, min=5 max=35
08:54:13 [ingest.iabg] INFO: [STS] 5 frames готови
08:54:13 [ingest.iabg] INFO: === Ingest BRD (Бърдарски геран) ===
08:54:14 [ingest.iabg] INFO: [BRD] 15 файла от JSON
08:54:14 [ingest.iabg] INFO:   dBZ: 795 px, min=5 max=30
08:54:14 [ingest.iabg] INFO:   dBZ: 776 px, min=5 max=40
08:54:15 [ingest.iabg] INFO:   dBZ: 804 px, min=5 max=35
08:54:15 [ingest.iabg] INFO:   dBZ: 8259 px, min=15 max=40
08:54:15 [ingest.iabg] INFO:   dBZ: 826 px, min=5 max=30
08:54:15 [ingest.iabg] INFO: [BRD] 5 frames готови
08:54:15 [main] INFO:   Общо: 17 frames от 4 източника
08:54:15 [main] INFO: ── Фаза 3: Composite ──
08:54:16 [composite] INFO:   iabg_BRD: 2026-07-05 05:01:32+00:00 Δ=0s
08:54:16 [composite] INFO: Composite: 1 слоя, 43 valid px
08:54:16 [composite] INFO:   iabg_GCD: 2026-07-05 05:19:31+00:00 Δ=0s
08:54:16 [composite] INFO: Composite: 1 слоя, 6 valid px
08:54:16 [composite] INFO:   romania_composite: 2026-07-05 05:30:00+00:00 Δ=50s
08:54:16 [composite] INFO:   iabg_GCD: 2026-07-05 05:23:43+00:00 Δ=427s
08:54:16 [composite] INFO:   iabg_STS: 2026-07-05 05:30:50+00:00 Δ=0s
08:54:16 [composite] INFO: Composite: 3 слоя, 6851 valid px
08:54:16 [composite] INFO:   romania_composite: 2026-07-05 05:40:00+00:00 Δ=144s
08:54:16 [composite] INFO:   iabg_GCD: 2026-07-05 05:36:15+00:00 Δ=369s
08:54:16 [composite] INFO:   iabg_STS: 2026-07-05 05:42:24+00:00 Δ=0s
08:54:16 [composite] INFO: Composite: 3 слоя, 5988 valid px
08:54:16 [composite] INFO:   romania_composite: 2026-07-05 05:40:00+00:00 Δ=373s
08:54:16 [composite] INFO:   iabg_GCD: 2026-07-05 05:36:15+00:00 Δ=598s
08:54:16 [composite] INFO:   iabg_STS: 2026-07-05 05:46:13+00:00 Δ=0s
08:54:16 [composite] INFO: Composite: 3 слоя, 5964 valid px
08:54:16 [composite] INFO: Серия: 5 composites
08:54:16 [main] INFO: ── Фаза 4: S-PROG Nowcast ──
08:54:16 [nowcast] INFO: S-PROG: 12×4min = 48min (реален dt=3.8min)
08:54:20 [nowcast] INFO: Optical flow: 0.1 px/step
08:54:23 [nowcast] INFO: Forecast: max=48.5 dBZ
08:54:23 [main] INFO: ── Фаза 5: ICON-EU + Blending ──
08:54:23 [ingest.icon] INFO: ICON-EU grid: 4×9 = 36 точки
08:54:23 [ingest.icon] INFO:   ICON grid: (48, 4, 9), max = 0.1 mm
08:54:23 [blend] INFO:   +  5 мин: R:100% I:0% max=43.3 dBZ
08:54:24 [blend] INFO:   + 65 мин: R:0% I:100% max=nan dBZ
08:54:24 [blend] INFO:   +125 мин: R:0% I:100% max=nan dBZ
08:54:24 [blend] INFO:   +185 мин: R:0% I:100% max=nan dBZ
08:54:25 [blend] INFO:   +245 мин: R:0% I:100% max=nan dBZ
08:54:25 [blend] INFO:   +305 мин: R:0% I:100% max=nan dBZ
08:54:25 [blend] INFO:   +360 мин: R:0% I:100% max=nan dBZ
08:54:25 [main] INFO: ── Фаза 6: Карти ──
08:54:30 [output] INFO: Nowcast карта: C:\nowcasting_public\data\output\maps\nowcast_20260705_0554.png
08:54:33 [output] INFO: Nowcast карта: C:\nowcasting_public\data\output\maps\nowcast_latest.png
08:54:36 [output] INFO: Blended карта: C:\nowcasting_public\data\output\maps\blended_20260705_0554.png
08:54:38 [output] INFO: Blended карта: C:\nowcasting_public\data\output\maps\blended_latest.png
08:54:38 [output] INFO: Pages meta: C:\nowcasting_public\data\output\maps\meta.json
08:54:38 [main] INFO: ============================================================
08:54:38 [main] INFO: ГОТОВО за 30.8 сек
08:54:38 [main] INFO: ============================================================
09:08:14 [main] INFO: ============================================================
09:08:14 [main] INFO: NOWCASTING PUBLIC — START
09:08:14 [main] INFO: ============================================================
09:08:14 [main] INFO: ── Фаза 1a: Румъния composite ──
09:08:14 [ingest.romania] INFO: === Ingest Румъния ===
09:08:14 [ingest.romania] INFO: Сваляне от https://opendata.meteoromania.ro/radar/COMPOSITE/
09:08:15 [ingest.romania] INFO:   Сваляне: COMPOSITE_2026070505500000dBZ.hdf
09:08:15 [ingest.romania] INFO:   Запазен: C:\nowcasting_public\data\radar\romania\COMPOSITE_2026070505500000dBZ.hdf
09:08:15 [ingest.romania] INFO: Чета: COMPOSITE_2026070505300000dBZ.hdf
09:08:15 [ingest.romania] INFO:   2026-07-05 05:30:00+00:00  800×850  (40.0-50.0°N, 17.5-33.4°E)  max dBZ=54.3
09:08:15 [ingest.romania] INFO: Чета: COMPOSITE_2026070505400000dBZ.hdf
09:08:15 [ingest.romania] INFO:   2026-07-05 05:40:00+00:00  800×850  (40.0-50.0°N, 17.5-33.4°E)  max dBZ=54.3
09:08:15 [ingest.romania] INFO: Чета: COMPOSITE_2026070505500000dBZ.hdf
09:08:15 [ingest.romania] INFO:   2026-07-05 05:50:00+00:00  800×850  (40.0-50.0°N, 17.5-33.4°E)  max dBZ=60.9
09:08:15 [ingest.romania] INFO:   3 frames прочетени
09:08:15 [main] INFO: ── Фаза 1b: ИАБГ радари ──
09:08:15 [ingest.iabg] INFO: === Ingest GCD (Голям Чардак) ===
09:08:15 [ingest.iabg] INFO: [GCD] 15 файла от JSON
09:08:16 [ingest.iabg] INFO:   dBZ: 115 px, min=5 max=40
09:08:16 [ingest.iabg] INFO:   dBZ: 108 px, min=5 max=25
09:08:17 [ingest.iabg] INFO:   dBZ: 73 px, min=5 max=30
09:08:17 [ingest.iabg] INFO:   dBZ: 127 px, min=5 max=35
09:08:17 [ingest.iabg] INFO:   dBZ: 144 px, min=5 max=35
09:08:17 [ingest.iabg] INFO: [GCD] 5 frames готови
09:08:17 [ingest.iabg] INFO: === Ingest STS (Старо Село) ===
09:08:18 [ingest.iabg] INFO: [STS] 15 файла от JSON
09:08:18 [ingest.iabg] INFO:   dBZ: 199 px, min=5 max=25
09:08:18 [ingest.iabg] INFO:   dBZ: 254 px, min=5 max=45
09:08:19 [ingest.iabg] INFO:   dBZ: 239 px, min=5 max=40
09:08:19 [ingest.iabg] INFO:   dBZ: 6214 px, min=15 max=50
09:08:19 [ingest.iabg] INFO:   dBZ: 204 px, min=5 max=35
09:08:19 [ingest.iabg] INFO: [STS] 5 frames готови
09:08:19 [ingest.iabg] INFO: === Ingest BRD (Бърдарски геран) ===
09:08:19 [ingest.iabg] INFO: [BRD] 15 файла от JSON
09:08:20 [ingest.iabg] INFO:   dBZ: 795 px, min=5 max=30
09:08:20 [ingest.iabg] INFO:   dBZ: 776 px, min=5 max=40
09:08:21 [ingest.iabg] INFO:   dBZ: 804 px, min=5 max=35
09:08:21 [ingest.iabg] INFO:   dBZ: 8259 px, min=15 max=40
09:08:21 [ingest.iabg] INFO:   dBZ: 826 px, min=5 max=30
09:08:21 [ingest.iabg] INFO: [BRD] 5 frames готови
09:08:21 [main] INFO:   Общо: 18 frames от 4 източника
09:08:21 [main] INFO: ── Фаза 3: Composite ──
09:08:22 [composite] INFO:   romania_composite: 2026-07-05 05:40:00+00:00 Δ=0s
09:08:22 [composite] INFO:   iabg_GCD: 2026-07-05 05:36:15+00:00 Δ=225s
09:08:22 [composite] INFO: Composite: 2 слоя, 5869 valid px
09:08:22 [composite] INFO:   romania_composite: 2026-07-05 05:40:00+00:00 Δ=0s
09:08:22 [composite] INFO:   iabg_GCD: 2026-07-05 05:36:15+00:00 Δ=225s
09:08:22 [composite] INFO: Composite: 2 слоя, 5869 valid px
09:08:22 [composite] INFO:   romania_composite: 2026-07-05 05:50:00+00:00 Δ=3s
09:08:22 [composite] INFO:   iabg_STS: 2026-07-05 05:50:03+00:00 Δ=0s
09:08:22 [composite] INFO: Composite: 2 слоя, 5936 valid px
09:08:22 [composite] INFO:   romania_composite: 2026-07-05 05:50:00+00:00 Δ=233s
09:08:22 [composite] INFO:   iabg_STS: 2026-07-05 05:53:53+00:00 Δ=0s
09:08:22 [composite] INFO: Composite: 2 слоя, 5967 valid px
09:08:22 [composite] INFO:   iabg_STS: 2026-07-05 06:01:34+00:00 Δ=0s
09:08:22 [composite] INFO: Composite: 1 слоя, 84 valid px
09:08:22 [composite] INFO: Серия: 5 composites
09:08:22 [main] INFO: ── Фаза 4: S-PROG Nowcast ──
09:08:22 [nowcast] INFO: S-PROG: 12×8min = 96min
09:08:25 [nowcast] INFO: Optical flow: 0.0 px/step
09:08:29 [nowcast] INFO: Forecast: max=35.0 dBZ
09:08:29 [main] INFO: ── Фаза 6: Карти ──
09:08:34 [output] INFO: Nowcast карта: C:\nowcasting_public\data\output\maps\nowcast_20260705_0608.png
09:08:37 [output] INFO: Nowcast карта: C:\nowcasting_public\data\output\maps\nowcast_latest.png
09:08:37 [output] INFO: Pages meta: C:\nowcasting_public\data\output\maps\meta.json
09:08:37 [main] INFO: ============================================================
09:08:37 [main] INFO: ГОТОВО за 22.6 сек
09:08:37 [main] INFO: ============================================================
09:15:53 [main] INFO: ============================================================
09:15:53 [main] INFO: NOWCASTING PUBLIC — START
09:15:53 [main] INFO: ============================================================
09:15:53 [main] INFO: ── Фаза 1a: Румъния composite ──
09:15:53 [ingest.romania] INFO: === Ingest Румъния ===
09:15:54 [ingest.romania] INFO: Сваляне от https://opendata.meteoromania.ro/radar/COMPOSITE/
09:15:54 [ingest.romania] INFO:   Сваляне: COMPOSITE_2026070506000000dBZ.hdf
09:15:55 [ingest.romania] INFO:   Запазен: C:\nowcasting_public\data\radar\romania\COMPOSITE_2026070506000000dBZ.hdf
09:15:55 [ingest.romania] INFO: Чета: COMPOSITE_2026070505300000dBZ.hdf
09:15:55 [ingest.romania] INFO:   2026-07-05 05:30:00+00:00  800×850  (40.0-50.0°N, 17.5-33.4°E)  max dBZ=54.3
09:15:55 [ingest.romania] INFO: Чета: COMPOSITE_2026070505400000dBZ.hdf
09:15:55 [ingest.romania] INFO:   2026-07-05 05:40:00+00:00  800×850  (40.0-50.0°N, 17.5-33.4°E)  max dBZ=54.3
09:15:55 [ingest.romania] INFO: Чета: COMPOSITE_2026070505500000dBZ.hdf
09:15:55 [ingest.romania] INFO:   2026-07-05 05:50:00+00:00  800×850  (40.0-50.0°N, 17.5-33.4°E)  max dBZ=60.9
09:15:55 [ingest.romania] INFO: Чета: COMPOSITE_2026070506000000dBZ.hdf
09:15:55 [ingest.romania] INFO:   2026-07-05 06:00:00+00:00  800×850  (40.0-50.0°N, 17.5-33.4°E)  max dBZ=65.4
09:15:55 [ingest.romania] INFO:   4 frames прочетени
09:15:55 [main] INFO: ── Фаза 1b: ИАБГ радари ──
09:15:55 [ingest.iabg] INFO: === Ingest GCD (Голям Чардак) ===
09:15:55 [ingest.iabg] INFO: [GCD] 15 файла от JSON
09:15:55 [ingest.iabg] INFO:   dBZ: 108 px, min=5 max=25
09:15:56 [ingest.iabg] INFO:   dBZ: 73 px, min=5 max=30
09:15:56 [ingest.iabg] INFO:   dBZ: 127 px, min=5 max=35
09:15:56 [ingest.iabg] INFO:   dBZ: 144 px, min=5 max=35
09:15:57 [ingest.iabg] INFO:   dBZ: 3916 px, min=15 max=50
09:15:57 [ingest.iabg] INFO: [GCD] 5 frames готови
09:15:57 [ingest.iabg] INFO: === Ingest STS (Старо Село) ===
09:15:57 [ingest.iabg] INFO: [STS] 15 файла от JSON
09:15:57 [ingest.iabg] INFO:   dBZ: 254 px, min=5 max=45
09:15:58 [ingest.iabg] INFO:   dBZ: 239 px, min=5 max=40
09:15:58 [ingest.iabg] INFO:   dBZ: 6214 px, min=15 max=50
09:15:58 [ingest.iabg] INFO:   dBZ: 204 px, min=5 max=35
09:15:59 [ingest.iabg] INFO:   dBZ: 241 px, min=5 max=40
09:15:59 [ingest.iabg] INFO: [STS] 5 frames готови
09:15:59 [ingest.iabg] INFO: === Ingest BRD (Бърдарски геран) ===
09:15:59 [ingest.iabg] INFO: [BRD] 15 файла от JSON
09:15:59 [ingest.iabg] INFO:   dBZ: 776 px, min=5 max=40
09:15:59 [ingest.iabg] INFO:   dBZ: 804 px, min=5 max=35
09:16:00 [ingest.iabg] INFO:   dBZ: 8259 px, min=15 max=40
09:16:00 [ingest.iabg] INFO:   dBZ: 826 px, min=5 max=30
09:16:00 [ingest.iabg] INFO:   dBZ: 2527 px, min=15 max=50
09:16:00 [ingest.iabg] INFO: [BRD] 5 frames готови
09:16:00 [main] INFO:   Общо: 19 frames от 4 източника
09:16:00 [main] INFO: ── Фаза 2: Blitzortung ──
09:16:00 [lightning] INFO: Blitzortung: събиране 30s...
09:16:01 [websocket] INFO: Websocket connected
09:16:01 [lightning] INFO: Blitzortung WebSocket отворен
09:16:31 [lightning] INFO:   0 мълнии за България
09:16:31 [main] INFO: ── Фаза 3: Composite ──
09:16:31 [composite] INFO:   romania_composite: 2026-07-05 05:40:00+00:00 Δ=0s
09:16:31 [composite] INFO:   iabg_GCD: 2026-07-05 05:36:15+00:00 Δ=225s
09:16:31 [composite] INFO: Composite: 2 слоя, 5869 valid px
09:16:31 [composite] INFO:   romania_composite: 2026-07-05 05:50:00+00:00 Δ=233s
09:16:31 [composite] INFO:   iabg_STS: 2026-07-05 05:53:53+00:00 Δ=0s
09:16:31 [composite] INFO: Composite: 2 слоя, 5967 valid px
09:16:31 [composite] INFO:   romania_composite: 2026-07-05 05:50:00+00:00 Δ=600s
09:16:31 [composite] INFO:   iabg_GCD: 2026-07-05 06:00:00+00:00 Δ=0s
09:16:31 [composite] INFO:   iabg_STS: 2026-07-05 05:53:53+00:00 Δ=367s
09:16:31 [composite] INFO:   iabg_BRD: 2026-07-05 06:00:00+00:00 Δ=0s
09:16:31 [composite] INFO: Composite: 4 слоя, 8026 valid px
09:16:31 [composite] INFO:   romania_composite: 2026-07-05 06:00:00+00:00 Δ=94s
09:16:31 [composite] INFO:   iabg_GCD: 2026-07-05 06:00:00+00:00 Δ=94s
09:16:31 [composite] INFO:   iabg_STS: 2026-07-05 06:01:34+00:00 Δ=0s
09:16:32 [composite] INFO:   iabg_BRD: 2026-07-05 06:00:00+00:00 Δ=94s
09:16:32 [composite] INFO: Composite: 4 слоя, 7622 valid px
09:16:32 [composite] INFO:   romania_composite: 2026-07-05 06:00:00+00:00 Δ=322s
09:16:32 [composite] INFO:   iabg_GCD: 2026-07-05 06:00:00+00:00 Δ=322s
09:16:32 [composite] INFO:   iabg_STS: 2026-07-05 06:05:22+00:00 Δ=0s
09:16:32 [composite] INFO:   iabg_BRD: 2026-07-05 06:00:00+00:00 Δ=322s
09:16:32 [composite] INFO: Composite: 4 слоя, 7632 valid px
09:16:32 [composite] INFO: Серия: 5 composites
09:16:32 [main] INFO: ── Фаза 4: S-PROG Nowcast ──
09:16:32 [nowcast] INFO: S-PROG: 15×4min = 60min
09:16:35 [nowcast] INFO: Optical flow: 0.1 px/step
09:16:39 [nowcast] INFO: Forecast: max=48.6 dBZ
09:16:39 [main] INFO: ── Фаза 5: ICON-EU + Blending ──
09:16:39 [ingest.icon] INFO: ICON-EU grid: 4×9 = 36 точки
09:16:39 [ingest.icon] INFO:   ICON grid: (48, 4, 9), max = 0.1 mm
09:16:40 [blend] INFO:   +  5 мин: R:100% I:0% max=46.8 dBZ
09:16:40 [blend] INFO:   + 65 мин: R:87% I:13% max=47.9 dBZ
09:16:40 [blend] INFO:   +125 мин: R:0% I:100% max=nan dBZ
09:16:40 [blend] INFO:   +185 мин: R:0% I:100% max=nan dBZ
09:16:41 [blend] INFO:   +245 мин: R:0% I:100% max=nan dBZ
09:16:41 [blend] INFO:   +305 мин: R:0% I:100% max=nan dBZ
09:16:41 [blend] INFO:   +360 мин: R:0% I:100% max=nan dBZ
09:16:41 [main] INFO: ── Фаза 6: Карти ──
09:16:46 [output] INFO: Nowcast карта: C:\nowcasting_public\data\output\maps\nowcast_20260705_0616.png
09:16:49 [output] INFO: Nowcast карта: C:\nowcasting_public\data\output\maps\nowcast_latest.png
09:16:52 [output] INFO: Blended карта: C:\nowcasting_public\data\output\maps\blended_20260705_0616.png
09:16:54 [output] INFO: Blended карта: C:\nowcasting_public\data\output\maps\blended_latest.png
09:16:54 [output] INFO: Pages meta: C:\nowcasting_public\data\output\maps\meta.json
09:16:54 [main] INFO: ============================================================
09:16:54 [main] INFO: ГОТОВО за 61.2 сек
09:16:54 [main] INFO: ============================================================
09:52:35 [main] INFO: ============================================================
09:52:35 [main] INFO: NOWCASTING PUBLIC — START
09:52:35 [main] INFO: ============================================================
09:52:35 [main] INFO: ── Фаза 1a: Румъния composite ──
09:52:35 [ingest.romania] INFO: === Ingest Румъния ===
09:52:35 [ingest.romania] INFO: Сваляне от https://opendata.meteoromania.ro/radar/COMPOSITE/
09:52:35 [ingest.romania] INFO:   Сваляне: COMPOSITE_2026070506400000dBZ.hdf
09:52:36 [ingest.romania] INFO:   Запазен: C:\nowcasting_public\data\radar\romania\COMPOSITE_2026070506400000dBZ.hdf
09:52:36 [ingest.romania] INFO: Чета: COMPOSITE_2026070505300000dBZ.hdf
09:52:36 [ingest.romania] INFO:   2026-07-05 05:30:00+00:00  800×850  (40.0-50.0°N, 17.5-33.4°E)  max dBZ=54.3
09:52:36 [ingest.romania] INFO: Чета: COMPOSITE_2026070505400000dBZ.hdf
09:52:36 [ingest.romania] INFO:   2026-07-05 05:40:00+00:00  800×850  (40.0-50.0°N, 17.5-33.4°E)  max dBZ=54.3
09:52:36 [ingest.romania] INFO: Чета: COMPOSITE_2026070505500000dBZ.hdf
09:52:36 [ingest.romania] INFO:   2026-07-05 05:50:00+00:00  800×850  (40.0-50.0°N, 17.5-33.4°E)  max dBZ=60.9
09:52:36 [ingest.romania] INFO: Чета: COMPOSITE_2026070506000000dBZ.hdf
09:52:36 [ingest.romania] INFO:   2026-07-05 06:00:00+00:00  800×850  (40.0-50.0°N, 17.5-33.4°E)  max dBZ=65.4
09:52:36 [ingest.romania] INFO: Чета: COMPOSITE_2026070506400000dBZ.hdf
09:52:36 [ingest.romania] INFO:   2026-07-05 06:40:00+00:00  800×850  (40.0-50.0°N, 17.5-33.4°E)  max dBZ=61.9
09:52:36 [ingest.romania] INFO:   5 frames прочетени
09:52:36 [main] INFO: ── Фаза 1b: ИАБГ радари ──
09:52:36 [ingest.iabg] INFO: === Ingest GCD (Голям Чардак) ===
09:52:37 [ingest.iabg] INFO: [GCD] 15 файла от JSON
09:52:37 [ingest.iabg] INFO:   dBZ: 108 px, min=5 max=25
09:52:37 [ingest.iabg] INFO:   dBZ: 73 px, min=5 max=30
09:52:38 [ingest.iabg] INFO:   dBZ: 127 px, min=5 max=35
09:52:38 [ingest.iabg] INFO:   dBZ: 144 px, min=5 max=35
09:52:38 [ingest.iabg] INFO:   dBZ: 3916 px, min=15 max=50
09:52:38 [ingest.iabg] INFO: [GCD] 5 frames готови
09:52:38 [ingest.iabg] INFO: === Ingest STS (Старо Село) ===
09:52:39 [ingest.iabg] INFO: [STS] 15 файла от JSON
09:52:39 [ingest.iabg] INFO:   dBZ: 222 px, min=5 max=25
09:52:39 [ingest.iabg] INFO:   dBZ: 189 px, min=5 max=20
09:52:40 [ingest.iabg] INFO:   dBZ: 209 px, min=5 max=15
09:52:40 [ingest.iabg] INFO:   dBZ: 259 px, min=5 max=20
09:52:40 [ingest.iabg] INFO:   dBZ: 284 px, min=5 max=15
09:52:40 [ingest.iabg] INFO: [STS] 5 frames готови
09:52:40 [ingest.iabg] INFO: === Ingest BRD (Бърдарски геран) ===
09:52:41 [ingest.iabg] INFO: [BRD] 15 файла от JSON
09:52:41 [ingest.iabg] INFO:   dBZ: 776 px, min=5 max=40
09:52:41 [ingest.iabg] INFO:   dBZ: 804 px, min=5 max=35
09:52:42 [ingest.iabg] INFO:   dBZ: 8259 px, min=15 max=40
09:52:42 [ingest.iabg] INFO:   dBZ: 826 px, min=5 max=30
09:52:42 [ingest.iabg] INFO:   dBZ: 2527 px, min=15 max=50
09:52:42 [ingest.iabg] INFO: [BRD] 5 frames готови
09:52:42 [main] INFO:   Общо: 20 frames от 4 източника
09:52:42 [main] INFO: ── Фаза 3: Composite ──
09:52:43 [composite] INFO:   romania_composite: 2026-07-05 06:40:00+00:00 Δ=0s
09:52:43 [composite] INFO:   iabg_STS: 2026-07-05 06:32:04+00:00 Δ=476s
09:52:43 [composite] INFO: Composite: 2 слоя, 4411 valid px
09:52:43 [composite] INFO:   romania_composite: 2026-07-05 06:40:00+00:00 Δ=0s
09:52:43 [composite] INFO:   iabg_STS: 2026-07-05 06:35:52+00:00 Δ=248s
09:52:43 [composite] INFO: Composite: 2 слоя, 4389 valid px
09:52:43 [composite] INFO:   romania_composite: 2026-07-05 06:40:00+00:00 Δ=0s
09:52:43 [composite] INFO:   iabg_STS: 2026-07-05 06:39:41+00:00 Δ=19s
09:52:43 [composite] INFO: Composite: 2 слоя, 4381 valid px
09:52:43 [composite] INFO:   romania_composite: 2026-07-05 06:40:00+00:00 Δ=209s
09:52:43 [composite] INFO:   iabg_STS: 2026-07-05 06:43:29+00:00 Δ=0s
09:52:43 [composite] INFO: Composite: 2 слоя, 4384 valid px
09:52:43 [composite] INFO:   romania_composite: 2026-07-05 06:40:00+00:00 Δ=435s
09:52:43 [composite] INFO:   iabg_STS: 2026-07-05 06:47:15+00:00 Δ=0s
09:52:43 [composite] INFO: Composite: 2 слоя, 4384 valid px
09:52:43 [composite] INFO: Серия: 5 composites
09:52:43 [main] INFO: ── Фаза 4: S-PROG Nowcast ──
09:52:43 [nowcast] INFO: S-PROG: 15×4min = 60min
09:52:47 [nowcast] INFO: Optical flow: 0.0 px/step
09:52:51 [nowcast] INFO: Forecast: max=50.3 dBZ
09:52:51 [main] INFO: ── Фаза 5: ICON-EU + Blending ──
09:52:51 [ingest.icon] INFO: ICON-EU grid: 4×9 = 36 точки
09:52:51 [ingest.icon] INFO:   ICON grid: (48, 4, 9), max = 0.1 mm
09:52:51 [blend] INFO:   +  5 мин: R:100% I:0% max=50.3 dBZ
09:52:52 [blend] INFO:   + 65 мин: R:87% I:13% max=50.3 dBZ
09:52:52 [blend] INFO:   +125 мин: R:0% I:100% max=nan dBZ
09:52:52 [blend] INFO:   +185 мин: R:0% I:100% max=nan dBZ
09:52:53 [blend] INFO:   +245 мин: R:0% I:100% max=nan dBZ
09:52:53 [blend] INFO:   +305 мин: R:0% I:100% max=nan dBZ
09:52:53 [blend] INFO:   +360 мин: R:0% I:100% max=nan dBZ
09:52:53 [main] INFO: ── Фаза 6: Карти ──
09:52:59 [output] INFO: Nowcast карта: C:\nowcasting_public\data\output\maps\nowcast_20260705_0652.png
09:53:02 [output] INFO: Nowcast карта: C:\nowcasting_public\data\output\maps\nowcast_latest.png
09:53:05 [output] INFO: Blended карта: C:\nowcasting_public\data\output\maps\blended_20260705_0652.png
09:53:08 [output] INFO: Blended карта: C:\nowcasting_public\data\output\maps\blended_latest.png
09:53:08 [output] INFO: Pages meta: C:\nowcasting_public\data\output\maps\meta.json
09:53:08 [main] INFO: Pages обновени: docs/maps/
09:53:08 [main] INFO: ============================================================
09:53:08 [main] INFO: ГОТОВО за 32.9 сек
09:53:08 [main] INFO: ============================================================
